[2021-04-07T15:59:20.653Z][QUERY]: SELECT `product`.`ID` AS `product_ID`, `product`.`post_date` AS `product_post_date`, `product`.`post_title` AS `product_post_title` FROM `wp_posts` `product` WHERE `product`.`ID` >= ? -- PARAMETERS: [0]
[2021-04-07T16:06:08.787Z][QUERY]: SELECT `product`.`ID` AS `product_ID`, `product`.`post_date` AS `product_post_date`, `product`.`post_title` AS `product_post_title` FROM `wp_posts` `product` WHERE `product`.`post_type` = ? -- PARAMETERS: ["product"]
[2021-04-07T16:06:41.252Z][QUERY]: SELECT `product`.`ID` AS `product_ID`, `product`.`post_date` AS `product_post_date`, `product`.`post_title` AS `product_post_title` FROM `wp_posts` `product` WHERE `product`.`post_type` = ? LIMIT 25 -- PARAMETERS: ["product"]
[2021-04-07T16:19:55.369Z][QUERY]: SELECT `product`.`ID` AS `product_ID`, `product`.`post_date` AS `product_post_date`, `product`.`post_title` AS `product_post_title` FROM `wp_posts` `wp_posts`, `wp_posts` `product` WHERE `product`.`post_type` = ? LIMIT 25 -- PARAMETERS: ["product"]
[2021-04-07T16:20:03.641Z][QUERY]: SELECT `product`.`ID` AS `product_ID`, `product`.`post_date` AS `product_post_date`, `product`.`post_title` AS `product_post_title` FROM `wp_posts` `wp_posts`, `wp_posts` `product` WHERE `product`.`post_type` = ? LIMIT 25 -- PARAMETERS: ["producta"]
[2021-04-07T16:20:15.325Z][QUERY]: SELECT `product`.`ID` AS `product_ID`, `product`.`post_date` AS `product_post_date`, `product`.`post_title` AS `product_post_title` FROM `wp_posts` `wp_posts`, `wp_posts` `product` WHERE `product`.`post_type` = ? LIMIT 25 -- PARAMETERS: ["product"]
[2021-04-07T16:22:40.485Z][QUERY]: SELECT `product`.`ID` AS `product_ID`, `product`.`post_date` AS `product_post_date`, `product`.`post_title` AS `product_post_title`, `product`.`post_name` AS `product_post_name`, `product`.`guid` AS `product_guid` FROM `wp_posts` `wp_posts`, `wp_posts` `product` WHERE `product`.`post_type` = ? LIMIT 25 -- PARAMETERS: ["product"]
[2021-04-07T16:23:41.122Z][QUERY]: SELECT `product`.`ID` AS `product_ID`, `product`.`post_date` AS `product_post_date`, `product`.`post_title` AS `product_post_title`, `product`.`post_name` AS `product_post_name`, `product`.`guid` AS `product_guid` FROM `wp_posts` `wp_posts`, `wp_posts` `product` WHERE `product`.`post_type` = ? LIMIT 25 -- PARAMETERS: ["product"]
[2021-04-07T16:36:03.623Z][QUERY]: SELECT * FROM wp_posts WHERE post_type = $type -- PARAMETERS: ["product"]
[2021-04-07T16:36:03.736Z][FAILED QUERY]: SELECT * FROM wp_posts WHERE post_type = $type -- PARAMETERS: ["product"]
[2021-04-07T16:36:03.736Z][QUERY ERROR]: Error: Unknown column '$type' in 'where clause'
[2021-04-07T16:36:23.336Z][QUERY]: SELECT * FROM wp_posts WHERE post_type = $type -- PARAMETERS: ["product"]
[2021-04-07T16:36:23.453Z][FAILED QUERY]: SELECT * FROM wp_posts WHERE post_type = $type -- PARAMETERS: ["product"]
[2021-04-07T16:36:23.453Z][QUERY ERROR]: Error: Unknown column '$type' in 'where clause'
[2021-04-07T16:38:00.406Z][QUERY]: SELECT * FROM wp_posts WHERE post_type = $1 -- PARAMETERS: ["product"]
[2021-04-07T16:38:00.525Z][FAILED QUERY]: SELECT * FROM wp_posts WHERE post_type = $1 -- PARAMETERS: ["product"]
[2021-04-07T16:38:00.525Z][QUERY ERROR]: Error: Unknown column '$1' in 'where clause'
[2021-04-07T16:38:02.253Z][QUERY]: SELECT * FROM wp_posts WHERE post_type = $1 -- PARAMETERS: ["product"]
[2021-04-07T16:38:02.376Z][FAILED QUERY]: SELECT * FROM wp_posts WHERE post_type = $1 -- PARAMETERS: ["product"]
[2021-04-07T16:38:02.376Z][QUERY ERROR]: Error: Unknown column '$1' in 'where clause'
[2021-04-07T16:39:17.937Z][QUERY]: SELECT ID,post_title,post_name FROM wp_posts WHERE post_type = $1 -- PARAMETERS: ["product"]
[2021-04-07T16:39:18.057Z][FAILED QUERY]: SELECT ID,post_title,post_name FROM wp_posts WHERE post_type = $1 -- PARAMETERS: ["product"]
[2021-04-07T16:39:18.057Z][QUERY ERROR]: Error: Unknown column '$1' in 'where clause'
[2021-04-07T16:39:19.401Z][QUERY]: SELECT ID,post_title,post_name FROM wp_posts WHERE post_type = $1 -- PARAMETERS: ["product"]
[2021-04-07T16:39:19.516Z][FAILED QUERY]: SELECT ID,post_title,post_name FROM wp_posts WHERE post_type = $1 -- PARAMETERS: ["product"]
[2021-04-07T16:39:19.516Z][QUERY ERROR]: Error: Unknown column '$1' in 'where clause'
[2021-04-07T16:58:43.471Z][QUERY]: SELECT ID,post_title,post_name,(SELECT meta_value FROM wp_postmeta WHERE meta_key = wp_attached_file AND post_id in (SELECT ID from wp_posts WHERE post_parent=PRODUCTS.ID)) as file FROM wp_posts WHERE post_type = $1 -- PARAMETERS: ["product"]
[2021-04-07T16:58:43.586Z][FAILED QUERY]: SELECT ID,post_title,post_name,(SELECT meta_value FROM wp_postmeta WHERE meta_key = wp_attached_file AND post_id in (SELECT ID from wp_posts WHERE post_parent=PRODUCTS.ID)) as file FROM wp_posts WHERE post_type = $1 -- PARAMETERS: ["product"]
[2021-04-07T16:58:43.586Z][QUERY ERROR]: Error: Unknown column 'wp_attached_file' in 'where clause'
[2021-04-07T16:59:41.165Z][QUERY]: SELECT `product`.`ID` AS `product_ID`, `product`.`post_date` AS `product_post_date`, `product`.`post_title` AS `product_post_title`, `product`.`post_name` AS `product_post_name`, `product`.`guid` AS `product_guid`, (SELECT meta_value FROM wp_postmeta WHERE meta_key = wp_attached_file AND post_id in (SELECT ID from wp_posts WHERE post_parent=PRODUCTS.ID)) as file FROM `wp_posts` `wp_posts`, `wp_posts` `product` WHERE `product`.`post_type` = ? LIMIT 25 -- PARAMETERS: ["product"]
[2021-04-07T16:59:41.284Z][FAILED QUERY]: SELECT `product`.`ID` AS `product_ID`, `product`.`post_date` AS `product_post_date`, `product`.`post_title` AS `product_post_title`, `product`.`post_name` AS `product_post_name`, `product`.`guid` AS `product_guid`, (SELECT meta_value FROM wp_postmeta WHERE meta_key = wp_attached_file AND post_id in (SELECT ID from wp_posts WHERE post_parent=PRODUCTS.ID)) as file FROM `wp_posts` `wp_posts`, `wp_posts` `product` WHERE `product`.`post_type` = ? LIMIT 25 -- PARAMETERS: ["product"]
[2021-04-07T16:59:41.284Z][QUERY ERROR]: Error: Unknown column 'wp_attached_file' in 'where clause'
[2021-04-07T17:00:14.661Z][QUERY]: SELECT `product`.`ID` AS `product_ID`, `product`.`post_date` AS `product_post_date`, `product`.`post_title` AS `product_post_title`, `product`.`post_name` AS `product_post_name`, `product`.`guid` AS `product_guid`, (SELECT meta_value FROM wp_postmeta WHERE meta_key = wp_attached_file AND post_id in (SELECT ID from wp_posts WHERE post_parent=PRODUCTS.ID)) as file FROM `wp_posts` `wp_posts`, `wp_posts` `product` WHERE `product`.`post_type` = ? LIMIT 25 -- PARAMETERS: ["product"]
[2021-04-07T17:00:14.777Z][FAILED QUERY]: SELECT `product`.`ID` AS `product_ID`, `product`.`post_date` AS `product_post_date`, `product`.`post_title` AS `product_post_title`, `product`.`post_name` AS `product_post_name`, `product`.`guid` AS `product_guid`, (SELECT meta_value FROM wp_postmeta WHERE meta_key = wp_attached_file AND post_id in (SELECT ID from wp_posts WHERE post_parent=PRODUCTS.ID)) as file FROM `wp_posts` `wp_posts`, `wp_posts` `product` WHERE `product`.`post_type` = ? LIMIT 25 -- PARAMETERS: ["product"]
[2021-04-07T17:00:14.777Z][QUERY ERROR]: Error: Unknown column 'wp_attached_file' in 'where clause'
[2021-04-07T17:00:31.690Z][QUERY]: SELECT `product`.`ID` AS `product_ID`, `product`.`post_date` AS `product_post_date`, `product`.`post_title` AS `product_post_title`, `product`.`post_name` AS `product_post_name`, `product`.`guid` AS `product_guid`, (SELECT meta_value FROM wp_postmeta WHERE meta_key = wp_attached_file AND post_id in (SELECT ID from wp_posts WHERE post_parent=PRODUCTS.ID)) as file FROM `wp_posts` `wp_posts`, `wp_posts` `product` WHERE `product`.`post_type` = ? LIMIT 25 -- PARAMETERS: ["product"]
[2021-04-07T17:00:31.803Z][FAILED QUERY]: SELECT `product`.`ID` AS `product_ID`, `product`.`post_date` AS `product_post_date`, `product`.`post_title` AS `product_post_title`, `product`.`post_name` AS `product_post_name`, `product`.`guid` AS `product_guid`, (SELECT meta_value FROM wp_postmeta WHERE meta_key = wp_attached_file AND post_id in (SELECT ID from wp_posts WHERE post_parent=PRODUCTS.ID)) as file FROM `wp_posts` `wp_posts`, `wp_posts` `product` WHERE `product`.`post_type` = ? LIMIT 25 -- PARAMETERS: ["product"]
[2021-04-07T17:00:31.803Z][QUERY ERROR]: Error: Unknown column 'wp_attached_file' in 'where clause'
[2021-04-07T17:01:02.729Z][QUERY]: SELECT `product`.`ID` AS `product_ID`, `product`.`post_date` AS `product_post_date`, `product`.`post_title` AS `product_post_title`, `product`.`post_name` AS `product_post_name`, `product`.`guid` AS `product_guid`, (SELECT meta_value FROM wp_postmeta WHERE meta_key = 'wp_attached_file' AND post_id in (SELECT ID from wp_posts WHERE post_parent=PRODUCTS.ID)) as file FROM `wp_posts` `wp_posts`, `wp_posts` `product` WHERE `product`.`post_type` = ? LIMIT 25 -- PARAMETERS: ["product"]
[2021-04-07T17:01:02.847Z][FAILED QUERY]: SELECT `product`.`ID` AS `product_ID`, `product`.`post_date` AS `product_post_date`, `product`.`post_title` AS `product_post_title`, `product`.`post_name` AS `product_post_name`, `product`.`guid` AS `product_guid`, (SELECT meta_value FROM wp_postmeta WHERE meta_key = 'wp_attached_file' AND post_id in (SELECT ID from wp_posts WHERE post_parent=PRODUCTS.ID)) as file FROM `wp_posts` `wp_posts`, `wp_posts` `product` WHERE `product`.`post_type` = ? LIMIT 25 -- PARAMETERS: ["product"]
[2021-04-07T17:01:02.847Z][QUERY ERROR]: Error: Unknown column 'PRODUCTS.ID' in 'where clause'
[2021-04-07T17:01:39.075Z][QUERY]: SELECT `product`.`ID` AS `product_ID`, `product`.`post_date` AS `product_post_date`, `product`.`post_title` AS `product_post_title`, `product`.`post_name` AS `product_post_name`, `product`.`guid` AS `product_guid`, (SELECT meta_value FROM wp_postmeta WHERE meta_key = 'wp_attached_file' AND post_id in (SELECT ID from wp_posts WHERE post_parent=PRODUCTS.ID)) FROM `wp_posts` `wp_posts`, `wp_posts` `product` WHERE `product`.`post_type` = ? LIMIT 25 -- PARAMETERS: ["product"]
[2021-04-07T17:01:39.193Z][FAILED QUERY]: SELECT `product`.`ID` AS `product_ID`, `product`.`post_date` AS `product_post_date`, `product`.`post_title` AS `product_post_title`, `product`.`post_name` AS `product_post_name`, `product`.`guid` AS `product_guid`, (SELECT meta_value FROM wp_postmeta WHERE meta_key = 'wp_attached_file' AND post_id in (SELECT ID from wp_posts WHERE post_parent=PRODUCTS.ID)) FROM `wp_posts` `wp_posts`, `wp_posts` `product` WHERE `product`.`post_type` = ? LIMIT 25 -- PARAMETERS: ["product"]
[2021-04-07T17:01:39.193Z][QUERY ERROR]: Error: Unknown column 'PRODUCTS.ID' in 'where clause'
[2021-04-07T17:12:01.317Z][QUERY]: SELECT `product`.`ID` AS `product_ID`, `product`.`post_date` AS `product_post_date`, `product`.`post_title` AS `product_post_title`, `product`.`post_name` AS `product_post_name`, `product`.`guid` AS `product_guid` FROM `wp_posts` `wp_posts`, `wp_posts` `product` WHERE `product`.`post_type` = ? LIMIT 25 -- PARAMETERS: ["product"]
[2021-04-07T17:14:30.952Z][QUERY]: SELECT `product`.`ID` AS `product_ID`, `product`.`post_date` AS `product_post_date`, `product`.`post_title` AS `product_post_title`, `product`.`post_name` AS `product_post_name`, `product`.`guid` AS `product_guid` FROM `wp_posts` `wp_posts`, `wp_posts` `product` WHERE `product`.`post_type` = ? LIMIT 25 -- PARAMETERS: ["product"]
[2021-04-07T17:39:01.748Z][QUERY]: SELECT `product`.`ID` AS `product_ID`, `product`.`post_date` AS `product_post_date`, `product`.`post_title` AS `product_post_title`, `product`.`post_name` AS `product_post_name`, `product`.`guid` AS `product_guid` FROM `wp_posts` `wp_posts`, `wp_posts` `product` WHERE `product`.`post_type` = ? -- PARAMETERS: ["product"]
[2021-04-07T17:39:33.170Z][FAILED QUERY]: SELECT `product`.`ID` AS `product_ID`, `product`.`post_date` AS `product_post_date`, `product`.`post_title` AS `product_post_title`, `product`.`post_name` AS `product_post_name`, `product`.`guid` AS `product_guid` FROM `wp_posts` `wp_posts`, `wp_posts` `product` WHERE `product`.`post_type` = ? -- PARAMETERS: ["product"]
[2021-04-07T17:39:33.170Z][QUERY ERROR]: Error: Connection lost: The server closed the connection.
[2021-04-07T17:40:09.357Z][QUERY]: SELECT `product`.`ID` AS `product_ID`, `product`.`post_date` AS `product_post_date`, `product`.`post_title` AS `product_post_title`, `product`.`post_name` AS `product_post_name`, `product`.`guid` AS `product_guid` FROM `wp_posts` `wp_posts`, `wp_posts` `product` WHERE `product`.`post_type` = ? LIMIT 1000 -- PARAMETERS: ["product"]
[2021-04-07T17:40:25.261Z][QUERY]: SELECT `product`.`ID` AS `product_ID`, `product`.`post_date` AS `product_post_date`, `product`.`post_title` AS `product_post_title`, `product`.`post_name` AS `product_post_name`, `product`.`guid` AS `product_guid` FROM `wp_posts` `wp_posts`, `wp_posts` `product` WHERE `product`.`post_type` = ? LIMIT 5000 -- PARAMETERS: ["product"]
[2021-04-07T17:40:56.431Z][QUERY]: SELECT `product`.`ID` AS `product_ID`, `product`.`post_date` AS `product_post_date`, `product`.`post_title` AS `product_post_title`, `product`.`post_name` AS `product_post_name`, `product`.`guid` AS `product_guid` FROM `wp_posts` `wp_posts`, `wp_posts` `product` WHERE `product`.`post_type` = ? LIMIT 10000 -- PARAMETERS: ["product"]
[2021-04-07T17:42:13.307Z][QUERY]: SELECT `product`.`ID` AS `product_ID`, `product`.`post_date` AS `product_post_date`, `product`.`post_title` AS `product_post_title`, `product`.`post_name` AS `product_post_name`, `product`.`guid` AS `product_guid` FROM `wp_posts` `wp_posts`, `wp_posts` `product` WHERE `product`.`post_type` = ? LIMIT 10000 -- PARAMETERS: ["product"]
[2021-04-07T17:47:16.870Z][QUERY]: SELECT `product`.`ID` AS `product_ID`, `product`.`post_date` AS `product_post_date`, `product`.`post_title` AS `product_post_title`, `product`.`post_name` AS `product_post_name`, `product`.`guid` AS `product_guid` FROM `wp_posts` `wp_posts`, `wp_posts` `product` WHERE `product`.`post_type` = ? -- PARAMETERS: ["product"]
[2021-04-07T17:47:48.183Z][FAILED QUERY]: SELECT `product`.`ID` AS `product_ID`, `product`.`post_date` AS `product_post_date`, `product`.`post_title` AS `product_post_title`, `product`.`post_name` AS `product_post_name`, `product`.`guid` AS `product_guid` FROM `wp_posts` `wp_posts`, `wp_posts` `product` WHERE `product`.`post_type` = ? -- PARAMETERS: ["product"]
[2021-04-07T17:47:48.183Z][QUERY ERROR]: Error: Connection lost: The server closed the connection.
[2021-04-07T18:06:52.898Z][QUERY]: SELECT `product`.`ID` AS `product_ID`, `product`.`post_date` AS `product_post_date`, `product`.`post_title` AS `product_post_title`, `product`.`post_name` AS `product_post_name`, `product`.`guid` AS `product_guid` FROM `wp_posts` `wp_posts`, `wp_posts` `product` WHERE `product`.`post_type` = ? LIMIT 5 -- PARAMETERS: ["product"]
[2021-04-07T18:25:10.155Z][QUERY]: SELECT `product`.`name` AS `product_name`, `product`.`file` AS `product_file`, product.id FROM `view_products` `viewProducts`, `view_products` `product` WHERE product.post_type = ? LIMIT 5 -- PARAMETERS: ["product"]
[2021-04-07T18:25:10.271Z][FAILED QUERY]: SELECT `product`.`name` AS `product_name`, `product`.`file` AS `product_file`, product.id FROM `view_products` `viewProducts`, `view_products` `product` WHERE product.post_type = ? LIMIT 5 -- PARAMETERS: ["product"]
[2021-04-07T18:25:10.271Z][QUERY ERROR]: Error: Table 'uqvqtwhl_pruebas.view_products' doesn't exist
[2021-04-07T18:26:04.834Z][QUERY]: SELECT `product`.`name` AS `product_name`, `product`.`file` AS `product_file`, product.id FROM `view_products` `viewProducts`, `view_products` `product`  LIMIT 5
[2021-04-07T18:26:04.948Z][FAILED QUERY]: SELECT `product`.`name` AS `product_name`, `product`.`file` AS `product_file`, product.id FROM `view_products` `viewProducts`, `view_products` `product`  LIMIT 5
[2021-04-07T18:26:04.948Z][QUERY ERROR]: Error: Table 'uqvqtwhl_pruebas.view_products' doesn't exist
[2021-04-07T18:27:00.993Z][QUERY]: SELECT `product`.`name` AS `product_name`, `product`.`file` AS `product_file`, product.id FROM `view_products` `viewProducts`, `view_products` `product`  LIMIT 5
[2021-04-07T18:27:01.107Z][FAILED QUERY]: SELECT `product`.`name` AS `product_name`, `product`.`file` AS `product_file`, product.id FROM `view_products` `viewProducts`, `view_products` `product`  LIMIT 5
[2021-04-07T18:27:01.107Z][QUERY ERROR]: Error: Table 'uqvqtwhl_pruebas.view_products' doesn't exist
[2021-04-07T18:27:40.786Z][QUERY]: SELECT `product`.`name` AS `product_name`, `product`.`file` AS `product_file`, product.id FROM `view_products` `viewProducts`, `view_products` `product`  LIMIT 5
[2021-04-07T18:27:40.903Z][FAILED QUERY]: SELECT `product`.`name` AS `product_name`, `product`.`file` AS `product_file`, product.id FROM `view_products` `viewProducts`, `view_products` `product`  LIMIT 5
[2021-04-07T18:27:40.903Z][QUERY ERROR]: Error: Table 'uqvqtwhl_pruebas.view_products' doesn't exist
[2021-04-07T18:32:58.369Z][QUERY]: SELECT `product`.`name` AS `product_name`, `product`.`file` AS `product_file`, product.id FROM `view_products` `viewProducts`, `view_products` `product`  LIMIT 5
[2021-04-07T18:32:58.484Z][FAILED QUERY]: SELECT `product`.`name` AS `product_name`, `product`.`file` AS `product_file`, product.id FROM `view_products` `viewProducts`, `view_products` `product`  LIMIT 5
[2021-04-07T18:32:58.484Z][QUERY ERROR]: Error: Table 'uqvqtwhl_pruebas.view_products' doesn't exist
[2021-04-07T18:33:28.602Z][QUERY]: SELECT `product`.`name` AS `product_name`, `product`.`file` AS `product_file`, product.id FROM `view_products` `viewProducts`, `view_products` `product`  LIMIT 5
[2021-04-07T18:33:28.721Z][FAILED QUERY]: SELECT `product`.`name` AS `product_name`, `product`.`file` AS `product_file`, product.id FROM `view_products` `viewProducts`, `view_products` `product`  LIMIT 5
[2021-04-07T18:33:28.721Z][QUERY ERROR]: Error: Table 'uqvqtwhl_pruebas.view_products' doesn't exist
[2021-04-07T18:38:45.793Z][QUERY]: SELECT `product`.`name` AS `product_name`, `product`.`file` AS `product_file`, product.id FROM `view_products` `viewProducts`, `view_products` `product`  LIMIT 5
[2021-04-07T18:38:45.911Z][FAILED QUERY]: SELECT `product`.`name` AS `product_name`, `product`.`file` AS `product_file`, product.id FROM `view_products` `viewProducts`, `view_products` `product`  LIMIT 5
[2021-04-07T18:38:45.911Z][QUERY ERROR]: Error: Table 'uqvqtwhl_pruebas.view_products' doesn't exist
[2021-04-07T18:40:07.463Z][QUERY]: SELECT `viewProducts`.`Id` AS `viewProducts_Id`, `viewProducts`.`name` AS `viewProducts_name`, `viewProducts`.`file` AS `viewProducts_file` FROM `view_products` `viewProducts`  LIMIT 1
[2021-04-07T18:40:07.577Z][FAILED QUERY]: SELECT `viewProducts`.`Id` AS `viewProducts_Id`, `viewProducts`.`name` AS `viewProducts_name`, `viewProducts`.`file` AS `viewProducts_file` FROM `view_products` `viewProducts`  LIMIT 1
[2021-04-07T18:40:07.577Z][QUERY ERROR]: Error: Table 'uqvqtwhl_pruebas.view_products' doesn't exist
[2021-04-07T18:42:23.403Z][QUERY]: SELECT `product`.`name` AS `product_name`, `product`.`file` AS `product_file`, product.id FROM `view_products` `viewProducts`, `view_products` `product`  LIMIT 5
[2021-04-07T18:42:23.518Z][FAILED QUERY]: SELECT `product`.`name` AS `product_name`, `product`.`file` AS `product_file`, product.id FROM `view_products` `viewProducts`, `view_products` `product`  LIMIT 5
[2021-04-07T18:42:23.518Z][QUERY ERROR]: Error: Table 'uqvqtwhl_pruebas.view_products' doesn't exist
[2021-04-07T18:43:35.658Z][QUERY]: SELECT `product`.`name` AS `product_name`, `product`.`file` AS `product_file`, product.id FROM `view_products` `viewProducts`, `view_products` `product`  LIMIT 5
[2021-04-07T18:43:35.777Z][FAILED QUERY]: SELECT `product`.`name` AS `product_name`, `product`.`file` AS `product_file`, product.id FROM `view_products` `viewProducts`, `view_products` `product`  LIMIT 5
[2021-04-07T18:43:35.777Z][QUERY ERROR]: Error: Table 'uqvqtwhl_pruebas.view_products' doesn't exist
[2021-04-07T18:53:57.284Z][QUERY]: SELECT `product`.`ID` AS `product_ID`, `product`.`post_date` AS `product_post_date`, `product`.`post_title` AS `product_post_title`, `product`.`post_name` AS `product_post_name`, `product`.`guid` AS `product_guid` FROM `wp_posts` `wp_posts`, `wp_posts` `product` WHERE `product`.`post_type` = ? LIMIT 5 -- PARAMETERS: ["product"]
[2021-04-14T18:21:26.989Z][QUERY]: SELECT `product`.`ID` AS `product_ID`, `product`.`Articulo` AS `product_Articulo`, `product`.`Sku` AS `product_Sku` FROM `view_products` `viewProducts`, `view_products` `product`  LIMIT 5
[2021-04-14T18:21:27.113Z][FAILED QUERY]: SELECT `product`.`ID` AS `product_ID`, `product`.`Articulo` AS `product_Articulo`, `product`.`Sku` AS `product_Sku` FROM `view_products` `viewProducts`, `view_products` `product`  LIMIT 5
[2021-04-14T18:21:27.113Z][QUERY ERROR]: Error: Table 'uqvqtwhl_pruebas.view_products' doesn't exist
[2021-04-14T18:23:19.272Z][QUERY]: SELECT `product`.`ID` AS `product_ID`, `product`.`Articulo` AS `product_Articulo`, `product`.`Sku` AS `product_Sku` FROM `view_products` `viewProducts`, `view_products` `product`  LIMIT 5
[2021-04-14T18:23:19.387Z][FAILED QUERY]: SELECT `product`.`ID` AS `product_ID`, `product`.`Articulo` AS `product_Articulo`, `product`.`Sku` AS `product_Sku` FROM `view_products` `viewProducts`, `view_products` `product`  LIMIT 5
[2021-04-14T18:23:19.387Z][QUERY ERROR]: Error: Table 'uqvqtwhl_pruebas.view_products' doesn't exist
[2021-04-14T18:23:21.920Z][QUERY]: SELECT `product`.`ID` AS `product_ID`, `product`.`Articulo` AS `product_Articulo`, `product`.`Sku` AS `product_Sku` FROM `view_products` `viewProducts`, `view_products` `product`  LIMIT 5
[2021-04-14T18:23:22.035Z][FAILED QUERY]: SELECT `product`.`ID` AS `product_ID`, `product`.`Articulo` AS `product_Articulo`, `product`.`Sku` AS `product_Sku` FROM `view_products` `viewProducts`, `view_products` `product`  LIMIT 5
[2021-04-14T18:23:22.035Z][QUERY ERROR]: Error: Table 'uqvqtwhl_pruebas.view_products' doesn't exist
[2021-04-14T18:24:12.043Z][QUERY]: SELECT `product`.`ID` AS `product_ID`, `product`.`Articulo` AS `product_Articulo`, `product`.`Sku` AS `product_Sku` FROM `view_products` `viewProducts`, `view_products` `product`  LIMIT 5
[2021-04-14T18:24:12.158Z][FAILED QUERY]: SELECT `product`.`ID` AS `product_ID`, `product`.`Articulo` AS `product_Articulo`, `product`.`Sku` AS `product_Sku` FROM `view_products` `viewProducts`, `view_products` `product`  LIMIT 5
[2021-04-14T18:24:12.158Z][QUERY ERROR]: Error: Table 'uqvqtwhl_pruebas.view_products' doesn't exist
[2021-04-14T18:26:05.901Z][QUERY]: SELECT `product`.`ID` AS `product_ID`, `product`.`Articulo` AS `product_Articulo`, `product`.`Sku` AS `product_Sku` FROM `view_products` `viewProducts`, `view_products` `product`  LIMIT 5
[2021-04-14T18:28:51.930Z][QUERY]: SELECT `product`.`ID` AS `product_ID`, `product`.`Articulo` AS `product_Articulo`, `product`.`Sku` AS `product_Sku`, `product`.`Precio` AS `product_Precio`, `product`.`IVA` AS `product_IVA`, `product`.`Stock` AS `product_Stock`, `product`.`Imagen` AS `product_Imagen`, `product`.`Proveedor` AS `product_Proveedor`, `product`.`Categoria` AS `product_Categoria`, `product`.`Subcategoria` AS `product_Subcategoria` FROM `view_products` `viewProducts`, `view_products` `product`  LIMIT 5
[2021-04-14T18:29:26.576Z][QUERY]: SELECT `product`.`ID` AS `product_ID`, `product`.`Articulo` AS `product_Articulo`, `product`.`Sku` AS `product_Sku`, `product`.`Precio` AS `product_Precio`, `product`.`IVA` AS `product_IVA`, `product`.`Stock` AS `product_Stock`, `product`.`Imagen` AS `product_Imagen`, `product`.`Proveedor` AS `product_Proveedor`, `product`.`Categoria` AS `product_Categoria`, `product`.`Subcategoria` AS `product_Subcategoria` FROM `view_products` `viewProducts`, `view_products` `product`  LIMIT 1000
[2021-04-14T18:29:42.050Z][QUERY]: SELECT `product`.`ID` AS `product_ID`, `product`.`Articulo` AS `product_Articulo`, `product`.`Sku` AS `product_Sku`, `product`.`Precio` AS `product_Precio`, `product`.`IVA` AS `product_IVA`, `product`.`Stock` AS `product_Stock`, `product`.`Imagen` AS `product_Imagen`, `product`.`Proveedor` AS `product_Proveedor`, `product`.`Categoria` AS `product_Categoria`, `product`.`Subcategoria` AS `product_Subcategoria` FROM `view_products` `viewProducts`, `view_products` `product`  LIMIT 5000
[2021-04-14T18:30:05.686Z][QUERY]: SELECT `product`.`ID` AS `product_ID`, `product`.`Articulo` AS `product_Articulo`, `product`.`Sku` AS `product_Sku`, `product`.`Precio` AS `product_Precio`, `product`.`IVA` AS `product_IVA`, `product`.`Stock` AS `product_Stock`, `product`.`Imagen` AS `product_Imagen`, `product`.`Proveedor` AS `product_Proveedor`, `product`.`Categoria` AS `product_Categoria`, `product`.`Subcategoria` AS `product_Subcategoria` FROM `view_products` `viewProducts`, `view_products` `product`  LIMIT 10000
[2021-04-14T18:30:50.430Z][QUERY]: SELECT `product`.`ID` AS `product_ID`, `product`.`Articulo` AS `product_Articulo`, `product`.`Sku` AS `product_Sku`, `product`.`Precio` AS `product_Precio`, `product`.`IVA` AS `product_IVA`, `product`.`Stock` AS `product_Stock`, `product`.`Imagen` AS `product_Imagen`, `product`.`Proveedor` AS `product_Proveedor`, `product`.`Categoria` AS `product_Categoria`, `product`.`Subcategoria` AS `product_Subcategoria` FROM `view_products` `viewProducts`, `view_products` `product`  LIMIT 100
[2021-04-14T18:31:38.288Z][QUERY]: SELECT `product`.`ID` AS `product_ID`, `product`.`Articulo` AS `product_Articulo`, `product`.`Sku` AS `product_Sku`, `product`.`Precio` AS `product_Precio`, `product`.`IVA` AS `product_IVA`, `product`.`Stock` AS `product_Stock`, `product`.`Imagen` AS `product_Imagen`, `product`.`Proveedor` AS `product_Proveedor`, `product`.`Categoria` AS `product_Categoria`, `product`.`Subcategoria` AS `product_Subcategoria` FROM `view_products` `viewProducts`, `view_products` `product`  ORDER BY `product`.`Categoria` asc ASC LIMIT 100
[2021-04-14T18:31:38.401Z][FAILED QUERY]: SELECT `product`.`ID` AS `product_ID`, `product`.`Articulo` AS `product_Articulo`, `product`.`Sku` AS `product_Sku`, `product`.`Precio` AS `product_Precio`, `product`.`IVA` AS `product_IVA`, `product`.`Stock` AS `product_Stock`, `product`.`Imagen` AS `product_Imagen`, `product`.`Proveedor` AS `product_Proveedor`, `product`.`Categoria` AS `product_Categoria`, `product`.`Subcategoria` AS `product_Subcategoria` FROM `view_products` `viewProducts`, `view_products` `product`  ORDER BY `product`.`Categoria` asc ASC LIMIT 100
[2021-04-14T18:31:38.401Z][QUERY ERROR]: Error: You have an error in your SQL syntax; check the manual that corresponds to your MariaDB server version for the right syntax to use near 'ASC LIMIT 100' at line 1
[2021-04-14T18:31:53.686Z][QUERY]: SELECT `product`.`ID` AS `product_ID`, `product`.`Articulo` AS `product_Articulo`, `product`.`Sku` AS `product_Sku`, `product`.`Precio` AS `product_Precio`, `product`.`IVA` AS `product_IVA`, `product`.`Stock` AS `product_Stock`, `product`.`Imagen` AS `product_Imagen`, `product`.`Proveedor` AS `product_Proveedor`, `product`.`Categoria` AS `product_Categoria`, `product`.`Subcategoria` AS `product_Subcategoria` FROM `view_products` `viewProducts`, `view_products` `product`  ORDER BY `product`.`Categoria` ASC LIMIT 100
[2021-04-14T18:32:33.881Z][FAILED QUERY]: SELECT `product`.`ID` AS `product_ID`, `product`.`Articulo` AS `product_Articulo`, `product`.`Sku` AS `product_Sku`, `product`.`Precio` AS `product_Precio`, `product`.`IVA` AS `product_IVA`, `product`.`Stock` AS `product_Stock`, `product`.`Imagen` AS `product_Imagen`, `product`.`Proveedor` AS `product_Proveedor`, `product`.`Categoria` AS `product_Categoria`, `product`.`Subcategoria` AS `product_Subcategoria` FROM `view_products` `viewProducts`, `view_products` `product`  ORDER BY `product`.`Categoria` ASC LIMIT 100
[2021-04-14T18:32:33.881Z][QUERY ERROR]: Error: Connection lost: The server closed the connection.
[2021-04-14T18:35:20.675Z][QUERY]: SELECT `product`.`ID` AS `product_ID`, `product`.`Articulo` AS `product_Articulo`, `product`.`Sku` AS `product_Sku`, `product`.`Precio` AS `product_Precio`, `product`.`IVA` AS `product_IVA`, `product`.`Stock` AS `product_Stock`, `product`.`Imagen` AS `product_Imagen`, `product`.`Proveedor` AS `product_Proveedor`, `product`.`Categoria` AS `product_Categoria`, `product`.`Subcategoria` AS `product_Subcategoria` FROM `view_products` `viewProducts`, `view_products` `product`  LIMIT 100
[2021-04-14T18:36:03.946Z][FAILED QUERY]: SELECT `product`.`ID` AS `product_ID`, `product`.`Articulo` AS `product_Articulo`, `product`.`Sku` AS `product_Sku`, `product`.`Precio` AS `product_Precio`, `product`.`IVA` AS `product_IVA`, `product`.`Stock` AS `product_Stock`, `product`.`Imagen` AS `product_Imagen`, `product`.`Proveedor` AS `product_Proveedor`, `product`.`Categoria` AS `product_Categoria`, `product`.`Subcategoria` AS `product_Subcategoria` FROM `view_products` `viewProducts`, `view_products` `product`  LIMIT 100
[2021-04-14T18:36:03.946Z][QUERY ERROR]: Error: Connection lost: The server closed the connection.
[2021-04-14T18:36:34.169Z][QUERY]: SELECT `product`.`ID` AS `product_ID`, `product`.`Articulo` AS `product_Articulo`, `product`.`Sku` AS `product_Sku`, `product`.`Precio` AS `product_Precio`, `product`.`IVA` AS `product_IVA`, `product`.`Stock` AS `product_Stock`, `product`.`Imagen` AS `product_Imagen`, `product`.`Proveedor` AS `product_Proveedor`, `product`.`Categoria` AS `product_Categoria`, `product`.`Subcategoria` AS `product_Subcategoria` FROM `view_products` `viewProducts`, `view_products` `product`  LIMIT 100
[2021-04-14T18:37:01.601Z][QUERY]: SELECT `product`.`ID` AS `product_ID`, `product`.`Articulo` AS `product_Articulo`, `product`.`Sku` AS `product_Sku`, `product`.`Precio` AS `product_Precio`, `product`.`IVA` AS `product_IVA`, `product`.`Stock` AS `product_Stock`, `product`.`Imagen` AS `product_Imagen`, `product`.`Proveedor` AS `product_Proveedor`, `product`.`Categoria` AS `product_Categoria`, `product`.`Subcategoria` AS `product_Subcategoria` FROM `view_products` `viewProducts`, `view_products` `product`  LIMIT 25
[2021-04-14T18:37:45.725Z][QUERY]: SELECT `product`.`ID` AS `product_ID`, `product`.`Articulo` AS `product_Articulo`, `product`.`Sku` AS `product_Sku`, `product`.`Precio` AS `product_Precio`, `product`.`IVA` AS `product_IVA`, `product`.`Stock` AS `product_Stock`, `product`.`Imagen` AS `product_Imagen`, `product`.`Proveedor` AS `product_Proveedor`, `product`.`Categoria` AS `product_Categoria`, `product`.`Subcategoria` AS `product_Subcategoria` FROM `view_products` `viewProducts`, `view_products` `product`  LIMIT 25
[2021-04-14T18:38:18.981Z][FAILED QUERY]: SELECT `product`.`ID` AS `product_ID`, `product`.`Articulo` AS `product_Articulo`, `product`.`Sku` AS `product_Sku`, `product`.`Precio` AS `product_Precio`, `product`.`IVA` AS `product_IVA`, `product`.`Stock` AS `product_Stock`, `product`.`Imagen` AS `product_Imagen`, `product`.`Proveedor` AS `product_Proveedor`, `product`.`Categoria` AS `product_Categoria`, `product`.`Subcategoria` AS `product_Subcategoria` FROM `view_products` `viewProducts`, `view_products` `product`  LIMIT 25
[2021-04-14T18:38:18.981Z][QUERY ERROR]: Error: Connection lost: The server closed the connection.
[2021-04-14T18:38:26.294Z][QUERY]: SELECT `product`.`ID` AS `product_ID`, `product`.`Articulo` AS `product_Articulo`, `product`.`Sku` AS `product_Sku`, `product`.`Precio` AS `product_Precio`, `product`.`IVA` AS `product_IVA`, `product`.`Stock` AS `product_Stock`, `product`.`Imagen` AS `product_Imagen`, `product`.`Proveedor` AS `product_Proveedor`, `product`.`Categoria` AS `product_Categoria`, `product`.`Subcategoria` AS `product_Subcategoria` FROM `view_products` `viewProducts`, `view_products` `product`  LIMIT 25
[2021-04-14T18:39:03.992Z][FAILED QUERY]: SELECT `product`.`ID` AS `product_ID`, `product`.`Articulo` AS `product_Articulo`, `product`.`Sku` AS `product_Sku`, `product`.`Precio` AS `product_Precio`, `product`.`IVA` AS `product_IVA`, `product`.`Stock` AS `product_Stock`, `product`.`Imagen` AS `product_Imagen`, `product`.`Proveedor` AS `product_Proveedor`, `product`.`Categoria` AS `product_Categoria`, `product`.`Subcategoria` AS `product_Subcategoria` FROM `view_products` `viewProducts`, `view_products` `product`  LIMIT 25
[2021-04-14T18:39:03.992Z][QUERY ERROR]: Error: Connection lost: The server closed the connection.
[2021-04-14T18:40:04.898Z][QUERY]: SELECT `product`.`ID` AS `product_ID`, `product`.`Articulo` AS `product_Articulo`, `product`.`Sku` AS `product_Sku`, `product`.`Precio` AS `product_Precio`, `product`.`IVA` AS `product_IVA`, `product`.`Stock` AS `product_Stock`, `product`.`Imagen` AS `product_Imagen`, `product`.`Proveedor` AS `product_Proveedor`, `product`.`Categoria` AS `product_Categoria`, `product`.`Subcategoria` AS `product_Subcategoria` FROM `view_products` `viewProducts`, `view_products` `product`  LIMIT 5
[2021-04-14T18:41:40.222Z][QUERY]: SELECT `product`.`ID` AS `product_ID`, `product`.`Articulo` AS `product_Articulo`, `product`.`Sku` AS `product_Sku`, `product`.`Precio` AS `product_Precio`, `product`.`IVA` AS `product_IVA`, `product`.`Stock` AS `product_Stock`, `product`.`Imagen` AS `product_Imagen`, `product`.`Proveedor` AS `product_Proveedor`, `product`.`Categoria` AS `product_Categoria`, `product`.`Subcategoria` AS `product_Subcategoria` FROM `view_products` `viewProducts`, `view_products` `product`  LIMIT 5
[2021-04-14T18:42:19.093Z][FAILED QUERY]: SELECT `product`.`ID` AS `product_ID`, `product`.`Articulo` AS `product_Articulo`, `product`.`Sku` AS `product_Sku`, `product`.`Precio` AS `product_Precio`, `product`.`IVA` AS `product_IVA`, `product`.`Stock` AS `product_Stock`, `product`.`Imagen` AS `product_Imagen`, `product`.`Proveedor` AS `product_Proveedor`, `product`.`Categoria` AS `product_Categoria`, `product`.`Subcategoria` AS `product_Subcategoria` FROM `view_products` `viewProducts`, `view_products` `product`  LIMIT 5
[2021-04-14T18:42:19.093Z][QUERY ERROR]: Error: Connection lost: The server closed the connection.
[2021-04-14T18:43:09.127Z][QUERY]: SELECT `product`.`ID` AS `product_ID`, `product`.`Articulo` AS `product_Articulo`, `product`.`Sku` AS `product_Sku`, `product`.`Precio` AS `product_Precio`, `product`.`IVA` AS `product_IVA`, `product`.`Stock` AS `product_Stock`, `product`.`Imagen` AS `product_Imagen`, `product`.`Proveedor` AS `product_Proveedor`, `product`.`Categoria` AS `product_Categoria`, `product`.`Subcategoria` AS `product_Subcategoria` FROM `view_products` `viewProducts`, `view_products` `product`  LIMIT 5
[2021-04-14T18:44:20.978Z][QUERY]: SELECT `product`.`ID` AS `product_ID`, `product`.`Articulo` AS `product_Articulo`, `product`.`Sku` AS `product_Sku`, `product`.`Precio` AS `product_Precio`, `product`.`IVA` AS `product_IVA`, `product`.`Stock` AS `product_Stock`, `product`.`Imagen` AS `product_Imagen`, `product`.`Proveedor` AS `product_Proveedor`, `product`.`Categoria` AS `product_Categoria`, `product`.`Subcategoria` AS `product_Subcategoria` FROM `view_products` `viewProducts`, `view_products` `product`  LIMIT 5
[2021-04-14T18:44:44.511Z][QUERY]: SELECT `product`.`ID` AS `product_ID`, `product`.`Articulo` AS `product_Articulo`, `product`.`Sku` AS `product_Sku`, `product`.`Precio` AS `product_Precio`, `product`.`IVA` AS `product_IVA`, `product`.`Stock` AS `product_Stock`, `product`.`Imagen` AS `product_Imagen`, `product`.`Proveedor` AS `product_Proveedor`, `product`.`Categoria` AS `product_Categoria`, `product`.`Subcategoria` AS `product_Subcategoria` FROM `view_products` `viewProducts`, `view_products` `product`  LIMIT 25
[2021-04-14T18:45:24.808Z][QUERY]: SELECT `product`.`ID` AS `product_ID`, `product`.`Articulo` AS `product_Articulo`, `product`.`Sku` AS `product_Sku`, `product`.`Precio` AS `product_Precio`, `product`.`IVA` AS `product_IVA`, `product`.`Stock` AS `product_Stock`, `product`.`Imagen` AS `product_Imagen`, `product`.`Proveedor` AS `product_Proveedor`, `product`.`Categoria` AS `product_Categoria`, `product`.`Subcategoria` AS `product_Subcategoria` FROM `view_products` `viewProducts`, `view_products` `product`  LIMIT 250
[2021-04-14T18:47:19.378Z][QUERY]: SELECT `product`.`ID` AS `product_ID`, `product`.`Articulo` AS `product_Articulo`, `product`.`Sku` AS `product_Sku`, `product`.`Precio` AS `product_Precio`, `product`.`IVA` AS `product_IVA`, `product`.`Stock` AS `product_Stock`, `product`.`Imagen` AS `product_Imagen`, `product`.`Proveedor` AS `product_Proveedor`, `product`.`Categoria` AS `product_Categoria`, `product`.`Subcategoria` AS `product_Subcategoria` FROM `view_products` `viewProducts`, `view_products` `product`  LIMIT 9000
[2021-04-15T16:08:07.051Z][QUERY]: SELECT `Users`.`id` AS `Users_id`, `Users`.`username` AS `Users_username`, `Users`.`password` AS `Users_password`, `Users`.`role` AS `Users_role` FROM `users` `Users` WHERE `Users`.`username` = ? LIMIT 1 -- PARAMETERS: ["admin@truevaluesoft.com"]
[2021-04-15T16:08:22.003Z][QUERY]: SELECT `Users`.`id` AS `Users_id`, `Users`.`username` AS `Users_username`, `Users`.`password` AS `Users_password`, `Users`.`role` AS `Users_role` FROM `users` `Users` WHERE `Users`.`username` = ? LIMIT 1 -- PARAMETERS: ["pablo@truevaluesoft.com"]
[2021-04-15T16:08:31.518Z][QUERY]: SELECT `Users`.`id` AS `Users_id`, `Users`.`username` AS `Users_username`, `Users`.`password` AS `Users_password`, `Users`.`role` AS `Users_role` FROM `users` `Users` WHERE `Users`.`id` IN (?) -- PARAMETERS: [1]
[2021-04-15T16:08:31.640Z][QUERY]: SELECT `Users`.`id` AS `Users_id`, `Users`.`username` AS `Users_username`, `Users`.`role` AS `Users_role` FROM `users` `Users`
[2021-04-15T16:13:17.711Z][QUERY]: SELECT `product`.`ID` AS `product_ID`, `product`.`Articulo` AS `product_Articulo`, `product`.`Sku` AS `product_Sku`, `product`.`Precio` AS `product_Precio`, `product`.`IVA` AS `product_IVA`, `product`.`Stock` AS `product_Stock`, `product`.`Imagen` AS `product_Imagen`, `product`.`Proveedor` AS `product_Proveedor`, `product`.`Categoria` AS `product_Categoria`, `product`.`Subcategoria` AS `product_Subcategoria` FROM `view_products` `viewProducts`, `view_products` `product`  LIMIT 9000
[2021-04-15T16:13:29.028Z][QUERY]: SELECT `Users`.`id` AS `Users_id`, `Users`.`username` AS `Users_username`, `Users`.`password` AS `Users_password`, `Users`.`role` AS `Users_role` FROM `users` `Users` WHERE `Users`.`id` IN (?) -- PARAMETERS: [1]
[2021-04-15T16:13:29.148Z][QUERY]: SELECT `Users`.`id` AS `Users_id`, `Users`.`username` AS `Users_username`, `Users`.`role` AS `Users_role` FROM `users` `Users`
[2021-04-15T16:13:35.754Z][QUERY]: SELECT `product`.`ID` AS `product_ID`, `product`.`Articulo` AS `product_Articulo`, `product`.`Sku` AS `product_Sku`, `product`.`Precio` AS `product_Precio`, `product`.`IVA` AS `product_IVA`, `product`.`Stock` AS `product_Stock`, `product`.`Imagen` AS `product_Imagen`, `product`.`Proveedor` AS `product_Proveedor`, `product`.`Categoria` AS `product_Categoria`, `product`.`Subcategoria` AS `product_Subcategoria` FROM `view_products` `viewProducts`, `view_products` `product`  LIMIT 9000
[2021-04-15T16:13:41.842Z][QUERY]: SELECT `product`.`ID` AS `product_ID`, `product`.`Articulo` AS `product_Articulo`, `product`.`Sku` AS `product_Sku`, `product`.`Precio` AS `product_Precio`, `product`.`IVA` AS `product_IVA`, `product`.`Stock` AS `product_Stock`, `product`.`Imagen` AS `product_Imagen`, `product`.`Proveedor` AS `product_Proveedor`, `product`.`Categoria` AS `product_Categoria`, `product`.`Subcategoria` AS `product_Subcategoria` FROM `view_products` `viewProducts`, `view_products` `product`  LIMIT 9000
[2021-04-15T16:16:26.074Z][QUERY]: SELECT `Users`.`id` AS `Users_id`, `Users`.`username` AS `Users_username`, `Users`.`password` AS `Users_password`, `Users`.`role` AS `Users_role` FROM `users` `Users` WHERE `Users`.`id` IN (?) -- PARAMETERS: [1]
[2021-04-15T16:16:26.191Z][QUERY]: SELECT `Users`.`id` AS `Users_id`, `Users`.`username` AS `Users_username`, `Users`.`role` AS `Users_role` FROM `users` `Users`
[2021-04-15T16:16:32.919Z][QUERY]: SELECT `product`.`ID` AS `product_ID`, `product`.`Articulo` AS `product_Articulo`, `product`.`Sku` AS `product_Sku`, `product`.`Precio` AS `product_Precio`, `product`.`IVA` AS `product_IVA`, `product`.`Stock` AS `product_Stock`, `product`.`Imagen` AS `product_Imagen`, `product`.`Proveedor` AS `product_Proveedor`, `product`.`Categoria` AS `product_Categoria`, `product`.`Subcategoria` AS `product_Subcategoria` FROM `view_products` `viewProducts`, `view_products` `product`  LIMIT 9000
[2021-04-15T16:41:13.964Z][QUERY]: SELECT `Users`.`id` AS `Users_id`, `Users`.`username` AS `Users_username`, `Users`.`password` AS `Users_password`, `Users`.`role` AS `Users_role` FROM `users` `Users` WHERE `Users`.`username` = ? LIMIT 1 -- PARAMETERS: ["pablo@truevaluesoft.com"]
[2021-04-15T16:41:19.627Z][QUERY]: SELECT `Users`.`id` AS `Users_id`, `Users`.`username` AS `Users_username`, `Users`.`password` AS `Users_password`, `Users`.`role` AS `Users_role` FROM `users` `Users` WHERE `Users`.`id` IN (?) -- PARAMETERS: [1]
[2021-04-15T16:41:19.744Z][QUERY]: SELECT `Users`.`id` AS `Users_id`, `Users`.`username` AS `Users_username`, `Users`.`role` AS `Users_role` FROM `users` `Users`
[2021-04-15T16:41:21.379Z][QUERY]: SELECT `product`.`ID` AS `product_ID`, `product`.`Articulo` AS `product_Articulo`, `product`.`Sku` AS `product_Sku`, `product`.`Precio` AS `product_Precio`, `product`.`IVA` AS `product_IVA`, `product`.`Stock` AS `product_Stock`, `product`.`Imagen` AS `product_Imagen`, `product`.`Proveedor` AS `product_Proveedor`, `product`.`Categoria` AS `product_Categoria`, `product`.`Subcategoria` AS `product_Subcategoria` FROM `view_products` `viewProducts`, `view_products` `product`
[2021-04-15T16:41:53.089Z][FAILED QUERY]: SELECT `product`.`ID` AS `product_ID`, `product`.`Articulo` AS `product_Articulo`, `product`.`Sku` AS `product_Sku`, `product`.`Precio` AS `product_Precio`, `product`.`IVA` AS `product_IVA`, `product`.`Stock` AS `product_Stock`, `product`.`Imagen` AS `product_Imagen`, `product`.`Proveedor` AS `product_Proveedor`, `product`.`Categoria` AS `product_Categoria`, `product`.`Subcategoria` AS `product_Subcategoria` FROM `view_products` `viewProducts`, `view_products` `product`
[2021-04-15T16:41:53.089Z][QUERY ERROR]: Error: Connection lost: The server closed the connection.
[2021-04-15T16:42:03.980Z][QUERY]: SELECT `product`.`ID` AS `product_ID`, `product`.`Articulo` AS `product_Articulo`, `product`.`Sku` AS `product_Sku`, `product`.`Precio` AS `product_Precio`, `product`.`IVA` AS `product_IVA`, `product`.`Stock` AS `product_Stock`, `product`.`Imagen` AS `product_Imagen`, `product`.`Proveedor` AS `product_Proveedor`, `product`.`Categoria` AS `product_Categoria`, `product`.`Subcategoria` AS `product_Subcategoria` FROM `view_products` `viewProducts`, `view_products` `product`
[2021-04-15T16:42:38.097Z][FAILED QUERY]: SELECT `product`.`ID` AS `product_ID`, `product`.`Articulo` AS `product_Articulo`, `product`.`Sku` AS `product_Sku`, `product`.`Precio` AS `product_Precio`, `product`.`IVA` AS `product_IVA`, `product`.`Stock` AS `product_Stock`, `product`.`Imagen` AS `product_Imagen`, `product`.`Proveedor` AS `product_Proveedor`, `product`.`Categoria` AS `product_Categoria`, `product`.`Subcategoria` AS `product_Subcategoria` FROM `view_products` `viewProducts`, `view_products` `product`
[2021-04-15T16:42:38.097Z][QUERY ERROR]: Error: Connection lost: The server closed the connection.
[2021-04-15T16:42:52.890Z][QUERY]: SELECT `product`.`ID` AS `product_ID`, `product`.`Articulo` AS `product_Articulo`, `product`.`Sku` AS `product_Sku`, `product`.`Precio` AS `product_Precio`, `product`.`IVA` AS `product_IVA`, `product`.`Stock` AS `product_Stock`, `product`.`Imagen` AS `product_Imagen`, `product`.`Proveedor` AS `product_Proveedor`, `product`.`Categoria` AS `product_Categoria`, `product`.`Subcategoria` AS `product_Subcategoria` FROM `view_products` `viewProducts`, `view_products` `product`  LIMIT 1000
[2021-04-15T16:43:03.411Z][QUERY]: SELECT `Users`.`id` AS `Users_id`, `Users`.`username` AS `Users_username`, `Users`.`password` AS `Users_password`, `Users`.`role` AS `Users_role` FROM `users` `Users` WHERE `Users`.`id` IN (?) -- PARAMETERS: [1]
[2021-04-15T16:43:03.534Z][QUERY]: SELECT `Users`.`id` AS `Users_id`, `Users`.`username` AS `Users_username`, `Users`.`role` AS `Users_role` FROM `users` `Users`
[2021-04-15T16:43:04.799Z][QUERY]: SELECT `product`.`ID` AS `product_ID`, `product`.`Articulo` AS `product_Articulo`, `product`.`Sku` AS `product_Sku`, `product`.`Precio` AS `product_Precio`, `product`.`IVA` AS `product_IVA`, `product`.`Stock` AS `product_Stock`, `product`.`Imagen` AS `product_Imagen`, `product`.`Proveedor` AS `product_Proveedor`, `product`.`Categoria` AS `product_Categoria`, `product`.`Subcategoria` AS `product_Subcategoria` FROM `view_products` `viewProducts`, `view_products` `product`  LIMIT 1000
[2021-04-15T16:43:40.267Z][QUERY]: SELECT `Users`.`id` AS `Users_id`, `Users`.`username` AS `Users_username`, `Users`.`password` AS `Users_password`, `Users`.`role` AS `Users_role` FROM `users` `Users` WHERE `Users`.`id` IN (?) -- PARAMETERS: [1]
[2021-04-15T16:43:40.382Z][QUERY]: SELECT `Users`.`id` AS `Users_id`, `Users`.`username` AS `Users_username`, `Users`.`role` AS `Users_role` FROM `users` `Users`
[2021-04-15T16:43:43.664Z][QUERY]: SELECT `product`.`ID` AS `product_ID`, `product`.`Articulo` AS `product_Articulo`, `product`.`Sku` AS `product_Sku`, `product`.`Precio` AS `product_Precio`, `product`.`IVA` AS `product_IVA`, `product`.`Stock` AS `product_Stock`, `product`.`Imagen` AS `product_Imagen`, `product`.`Proveedor` AS `product_Proveedor`, `product`.`Categoria` AS `product_Categoria`, `product`.`Subcategoria` AS `product_Subcategoria` FROM `view_products` `viewProducts`, `view_products` `product`  LIMIT 1000
[2021-04-15T16:44:29.443Z][QUERY]: SELECT `Users`.`id` AS `Users_id`, `Users`.`username` AS `Users_username`, `Users`.`password` AS `Users_password`, `Users`.`role` AS `Users_role` FROM `users` `Users` WHERE `Users`.`id` IN (?) -- PARAMETERS: [1]
[2021-04-15T16:44:29.558Z][QUERY]: SELECT `Users`.`id` AS `Users_id`, `Users`.`username` AS `Users_username`, `Users`.`role` AS `Users_role` FROM `users` `Users`
[2021-04-15T16:44:30.858Z][QUERY]: SELECT `product`.`ID` AS `product_ID`, `product`.`Articulo` AS `product_Articulo`, `product`.`Sku` AS `product_Sku`, `product`.`Precio` AS `product_Precio`, `product`.`IVA` AS `product_IVA`, `product`.`Stock` AS `product_Stock`, `product`.`Imagen` AS `product_Imagen`, `product`.`Proveedor` AS `product_Proveedor`, `product`.`Categoria` AS `product_Categoria`, `product`.`Subcategoria` AS `product_Subcategoria` FROM `view_products` `viewProducts`, `view_products` `product`  LIMIT 1000
[2021-04-15T16:45:34.642Z][QUERY]: SELECT `product`.`ID` AS `product_ID`, `product`.`Articulo` AS `product_Articulo`, `product`.`Sku` AS `product_Sku`, `product`.`Precio` AS `product_Precio`, `product`.`IVA` AS `product_IVA`, `product`.`Stock` AS `product_Stock`, `product`.`Imagen` AS `product_Imagen`, `product`.`Proveedor` AS `product_Proveedor`, `product`.`Categoria` AS `product_Categoria`, `product`.`Subcategoria` AS `product_Subcategoria` FROM `view_products` `viewProducts`, `view_products` `product`  LIMIT 1000
[2021-04-15T16:45:52.159Z][QUERY]: SELECT `product`.`ID` AS `product_ID`, `product`.`Articulo` AS `product_Articulo`, `product`.`Sku` AS `product_Sku`, `product`.`Precio` AS `product_Precio`, `product`.`IVA` AS `product_IVA`, `product`.`Stock` AS `product_Stock`, `product`.`Imagen` AS `product_Imagen`, `product`.`Proveedor` AS `product_Proveedor`, `product`.`Categoria` AS `product_Categoria`, `product`.`Subcategoria` AS `product_Subcategoria` FROM `view_products` `viewProducts`, `view_products` `product`  LIMIT 1000
[2021-04-15T16:47:08.555Z][QUERY]: SELECT `Users`.`id` AS `Users_id`, `Users`.`username` AS `Users_username`, `Users`.`password` AS `Users_password`, `Users`.`role` AS `Users_role` FROM `users` `Users` WHERE `Users`.`username` = ? LIMIT 1 -- PARAMETERS: ["ruben@truevaluesoft.com"]
[2021-04-15T16:47:17.928Z][QUERY]: SELECT `Users`.`id` AS `Users_id`, `Users`.`username` AS `Users_username`, `Users`.`password` AS `Users_password`, `Users`.`role` AS `Users_role` FROM `users` `Users` WHERE `Users`.`username` = ? LIMIT 1 -- PARAMETERS: ["rafa@truevaluesoft.com"]
[2021-04-15T16:47:22.976Z][QUERY]: SELECT `Users`.`id` AS `Users_id`, `Users`.`username` AS `Users_username`, `Users`.`password` AS `Users_password`, `Users`.`role` AS `Users_role` FROM `users` `Users` WHERE `Users`.`id` IN (?) -- PARAMETERS: [6]
[2021-04-15T16:47:23.093Z][QUERY]: SELECT `Users`.`id` AS `Users_id`, `Users`.`username` AS `Users_username`, `Users`.`role` AS `Users_role` FROM `users` `Users`
[2021-04-15T16:47:50.707Z][QUERY]: SELECT `Users`.`id` AS `Users_id`, `Users`.`username` AS `Users_username`, `Users`.`password` AS `Users_password`, `Users`.`role` AS `Users_role` FROM `users` `Users` WHERE `Users`.`username` = ? LIMIT 1 -- PARAMETERS: ["dental@truevaluesoft.com"]
[2021-04-15T16:47:56.047Z][QUERY]: SELECT `product`.`ID` AS `product_ID`, `product`.`Articulo` AS `product_Articulo`, `product`.`Sku` AS `product_Sku`, `product`.`Precio` AS `product_Precio`, `product`.`IVA` AS `product_IVA`, `product`.`Stock` AS `product_Stock`, `product`.`Imagen` AS `product_Imagen`, `product`.`Proveedor` AS `product_Proveedor`, `product`.`Categoria` AS `product_Categoria`, `product`.`Subcategoria` AS `product_Subcategoria` FROM `view_products` `viewProducts`, `view_products` `product`  LIMIT 1000
[2021-04-15T16:54:19.731Z][QUERY]: SELECT `Users`.`id` AS `Users_id`, `Users`.`username` AS `Users_username`, `Users`.`password` AS `Users_password`, `Users`.`role` AS `Users_role` FROM `users` `Users` WHERE `Users`.`username` = ? LIMIT 1 -- PARAMETERS: ["pablo@truevaluesoft.com"]
[2021-04-15T16:54:25.358Z][QUERY]: SELECT `Users`.`id` AS `Users_id`, `Users`.`username` AS `Users_username`, `Users`.`password` AS `Users_password`, `Users`.`role` AS `Users_role` FROM `users` `Users` WHERE `Users`.`id` IN (?) -- PARAMETERS: [1]
[2021-04-15T16:54:25.477Z][QUERY]: SELECT `Users`.`id` AS `Users_id`, `Users`.`username` AS `Users_username`, `Users`.`role` AS `Users_role` FROM `users` `Users`
[2021-04-15T17:05:04.177Z][QUERY]: SELECT `Users`.`id` AS `Users_id`, `Users`.`username` AS `Users_username`, `Users`.`password` AS `Users_password`, `Users`.`role` AS `Users_role` FROM `users` `Users` WHERE `Users`.`id` IN (?) -- PARAMETERS: [1]
[2021-04-15T17:05:04.290Z][QUERY]: SELECT `Users`.`id` AS `Users_id`, `Users`.`username` AS `Users_username`, `Users`.`role` AS `Users_role` FROM `users` `Users`
[2021-04-15T17:24:44.927Z][QUERY]: SELECT `Users`.`id` AS `Users_id`, `Users`.`username` AS `Users_username`, `Users`.`password` AS `Users_password`, `Users`.`role` AS `Users_role` FROM `users` `Users` WHERE `Users`.`username` = ? LIMIT 1 -- PARAMETERS: ["pablo@truevaluesoft.com"]
[2021-04-15T17:24:48.491Z][QUERY]: SELECT `Users`.`id` AS `Users_id`, `Users`.`username` AS `Users_username`, `Users`.`password` AS `Users_password`, `Users`.`role` AS `Users_role` FROM `users` `Users` WHERE `Users`.`id` IN (?) -- PARAMETERS: [1]
[2021-04-15T17:24:48.608Z][QUERY]: SELECT `Users`.`id` AS `Users_id`, `Users`.`username` AS `Users_username`, `Users`.`role` AS `Users_role` FROM `users` `Users`
[2021-04-15T17:24:58.489Z][QUERY]: SELECT `Users`.`id` AS `Users_id`, `Users`.`username` AS `Users_username`, `Users`.`password` AS `Users_password`, `Users`.`role` AS `Users_role` FROM `users` `Users` WHERE `Users`.`id` IN (?) -- PARAMETERS: [1]
[2021-04-15T17:24:58.604Z][QUERY]: SELECT `Users`.`id` AS `Users_id`, `Users`.`username` AS `Users_username`, `Users`.`role` AS `Users_role` FROM `users` `Users`
[2021-04-15T17:26:29.080Z][QUERY]: SELECT `Users`.`id` AS `Users_id`, `Users`.`username` AS `Users_username`, `Users`.`password` AS `Users_password`, `Users`.`role` AS `Users_role` FROM `users` `Users` WHERE `Users`.`id` IN (?) -- PARAMETERS: [1]
[2021-04-15T17:26:29.195Z][QUERY]: SELECT `Users`.`id` AS `Users_id`, `Users`.`username` AS `Users_username`, `Users`.`role` AS `Users_role` FROM `users` `Users`
[2021-04-15T17:27:08.222Z][QUERY]: SELECT `Users`.`id` AS `Users_id`, `Users`.`username` AS `Users_username`, `Users`.`password` AS `Users_password`, `Users`.`role` AS `Users_role` FROM `users` `Users` WHERE `Users`.`id` IN (?) -- PARAMETERS: [1]
[2021-04-15T17:27:08.337Z][QUERY]: SELECT `Users`.`id` AS `Users_id`, `Users`.`username` AS `Users_username`, `Users`.`role` AS `Users_role` FROM `users` `Users`
[2021-04-15T17:27:53.214Z][QUERY]: SELECT `Users`.`id` AS `Users_id`, `Users`.`username` AS `Users_username`, `Users`.`password` AS `Users_password`, `Users`.`role` AS `Users_role` FROM `users` `Users` WHERE `Users`.`id` IN (?) -- PARAMETERS: [1]
[2021-04-15T17:27:53.329Z][QUERY]: SELECT `Users`.`id` AS `Users_id`, `Users`.`username` AS `Users_username`, `Users`.`role` AS `Users_role` FROM `users` `Users`
[2021-04-15T17:28:16.672Z][QUERY]: SELECT `Users`.`id` AS `Users_id`, `Users`.`username` AS `Users_username`, `Users`.`password` AS `Users_password`, `Users`.`role` AS `Users_role` FROM `users` `Users` WHERE `Users`.`id` IN (?) -- PARAMETERS: [1]
[2021-04-15T17:28:16.787Z][QUERY]: SELECT `Users`.`id` AS `Users_id`, `Users`.`username` AS `Users_username`, `Users`.`role` AS `Users_role` FROM `users` `Users`
[2021-04-15T17:36:47.440Z][QUERY]: SELECT `Users`.`id` AS `Users_id`, `Users`.`username` AS `Users_username`, `Users`.`password` AS `Users_password`, `Users`.`role` AS `Users_role` FROM `users` `Users` WHERE `Users`.`id` IN (?) -- PARAMETERS: [1]
[2021-04-15T17:36:47.554Z][QUERY]: SELECT `Users`.`id` AS `Users_id`, `Users`.`username` AS `Users_username`, `Users`.`role` AS `Users_role` FROM `users` `Users`
[2021-04-15T17:38:12.700Z][QUERY]: SELECT `Users`.`id` AS `Users_id`, `Users`.`username` AS `Users_username`, `Users`.`password` AS `Users_password`, `Users`.`role` AS `Users_role` FROM `users` `Users` WHERE `Users`.`id` IN (?) -- PARAMETERS: [1]
[2021-04-15T17:38:12.816Z][QUERY]: SELECT `Users`.`id` AS `Users_id`, `Users`.`username` AS `Users_username`, `Users`.`role` AS `Users_role` FROM `users` `Users`
[2021-04-15T17:42:27.099Z][QUERY]: SELECT `Users`.`id` AS `Users_id`, `Users`.`username` AS `Users_username`, `Users`.`password` AS `Users_password`, `Users`.`role` AS `Users_role` FROM `users` `Users` WHERE `Users`.`id` IN (?) -- PARAMETERS: [1]
[2021-04-15T17:42:27.221Z][QUERY]: SELECT `Users`.`id` AS `Users_id`, `Users`.`username` AS `Users_username`, `Users`.`role` AS `Users_role` FROM `users` `Users`
[2021-04-15T17:44:02.346Z][QUERY]: SELECT `Users`.`id` AS `Users_id`, `Users`.`username` AS `Users_username`, `Users`.`password` AS `Users_password`, `Users`.`role` AS `Users_role` FROM `users` `Users` WHERE `Users`.`id` IN (?) -- PARAMETERS: [1]
[2021-04-15T17:44:02.460Z][QUERY]: SELECT `Users`.`id` AS `Users_id`, `Users`.`username` AS `Users_username`, `Users`.`role` AS `Users_role` FROM `users` `Users`
[2021-04-15T17:46:02.546Z][QUERY]: SELECT `Users`.`id` AS `Users_id`, `Users`.`username` AS `Users_username`, `Users`.`password` AS `Users_password`, `Users`.`role` AS `Users_role` FROM `users` `Users` WHERE `Users`.`username` = ? LIMIT 1 -- PARAMETERS: ["pablo@truevaluesoft.com"]
[2021-04-15T17:46:07.123Z][QUERY]: SELECT `Users`.`id` AS `Users_id`, `Users`.`username` AS `Users_username`, `Users`.`password` AS `Users_password`, `Users`.`role` AS `Users_role` FROM `users` `Users` WHERE `Users`.`id` IN (?) -- PARAMETERS: [1]
[2021-04-15T17:46:07.249Z][QUERY]: SELECT `Users`.`id` AS `Users_id`, `Users`.`username` AS `Users_username`, `Users`.`role` AS `Users_role` FROM `users` `Users`
[2021-04-15T17:46:08.811Z][QUERY]: SELECT `product`.`ID` AS `product_ID`, `product`.`Articulo` AS `product_Articulo`, `product`.`Sku` AS `product_Sku`, `product`.`Precio` AS `product_Precio`, `product`.`IVA` AS `product_IVA`, `product`.`Stock` AS `product_Stock`, `product`.`Imagen` AS `product_Imagen`, `product`.`Proveedor` AS `product_Proveedor`, `product`.`Categoria` AS `product_Categoria`, `product`.`Subcategoria` AS `product_Subcategoria` FROM `view_products` `viewProducts`, `view_products` `product`  LIMIT 1000
[2021-04-15T17:50:38.435Z][QUERY]: SELECT `Users`.`id` AS `Users_id`, `Users`.`username` AS `Users_username`, `Users`.`password` AS `Users_password`, `Users`.`role` AS `Users_role` FROM `users` `Users` WHERE `Users`.`id` IN (?) -- PARAMETERS: [1]
[2021-04-15T17:50:38.559Z][QUERY]: SELECT `Users`.`id` AS `Users_id`, `Users`.`username` AS `Users_username`, `Users`.`role` AS `Users_role` FROM `users` `Users`
[2021-04-15T17:50:39.854Z][QUERY]: SELECT `product`.`ID` AS `product_ID`, `product`.`Articulo` AS `product_Articulo`, `product`.`Sku` AS `product_Sku`, `product`.`Precio` AS `product_Precio`, `product`.`IVA` AS `product_IVA`, `product`.`Stock` AS `product_Stock`, `product`.`Imagen` AS `product_Imagen`, `product`.`Proveedor` AS `product_Proveedor`, `product`.`Categoria` AS `product_Categoria`, `product`.`Subcategoria` AS `product_Subcategoria` FROM `view_products` `viewProducts`, `view_products` `product`  LIMIT 1000
[2021-04-15T17:51:59.646Z][QUERY]: SELECT `Users`.`id` AS `Users_id`, `Users`.`username` AS `Users_username`, `Users`.`password` AS `Users_password`, `Users`.`role` AS `Users_role` FROM `users` `Users` WHERE `Users`.`id` IN (?) -- PARAMETERS: [1]
[2021-04-15T17:51:59.770Z][QUERY]: SELECT `Users`.`id` AS `Users_id`, `Users`.`username` AS `Users_username`, `Users`.`role` AS `Users_role` FROM `users` `Users`
[2021-04-15T17:52:02.045Z][QUERY]: SELECT `product`.`ID` AS `product_ID`, `product`.`Articulo` AS `product_Articulo`, `product`.`Sku` AS `product_Sku`, `product`.`Precio` AS `product_Precio`, `product`.`IVA` AS `product_IVA`, `product`.`Stock` AS `product_Stock`, `product`.`Imagen` AS `product_Imagen`, `product`.`Proveedor` AS `product_Proveedor`, `product`.`Categoria` AS `product_Categoria`, `product`.`Subcategoria` AS `product_Subcategoria` FROM `view_products` `viewProducts`, `view_products` `product`
[2021-04-15T17:52:39.215Z][FAILED QUERY]: SELECT `product`.`ID` AS `product_ID`, `product`.`Articulo` AS `product_Articulo`, `product`.`Sku` AS `product_Sku`, `product`.`Precio` AS `product_Precio`, `product`.`IVA` AS `product_IVA`, `product`.`Stock` AS `product_Stock`, `product`.`Imagen` AS `product_Imagen`, `product`.`Proveedor` AS `product_Proveedor`, `product`.`Categoria` AS `product_Categoria`, `product`.`Subcategoria` AS `product_Subcategoria` FROM `view_products` `viewProducts`, `view_products` `product`
[2021-04-15T17:52:39.215Z][QUERY ERROR]: Error: Connection lost: The server closed the connection.
[2021-04-15T17:52:52.267Z][QUERY]: SELECT `Users`.`id` AS `Users_id`, `Users`.`username` AS `Users_username`, `Users`.`password` AS `Users_password`, `Users`.`role` AS `Users_role` FROM `users` `Users` WHERE `Users`.`id` IN (?) -- PARAMETERS: [1]
[2021-04-15T17:52:52.383Z][QUERY]: SELECT `Users`.`id` AS `Users_id`, `Users`.`username` AS `Users_username`, `Users`.`role` AS `Users_role` FROM `users` `Users`
[2021-04-15T17:52:54.166Z][QUERY]: SELECT `product`.`ID` AS `product_ID`, `product`.`Articulo` AS `product_Articulo`, `product`.`Sku` AS `product_Sku`, `product`.`Precio` AS `product_Precio`, `product`.`IVA` AS `product_IVA`, `product`.`Stock` AS `product_Stock`, `product`.`Imagen` AS `product_Imagen`, `product`.`Proveedor` AS `product_Proveedor`, `product`.`Categoria` AS `product_Categoria`, `product`.`Subcategoria` AS `product_Subcategoria` FROM `view_products` `viewProducts`, `view_products` `product`
[2021-04-15T17:54:40.753Z][QUERY]: SELECT `product`.`ID` AS `product_ID`, `product`.`Articulo` AS `product_Articulo`, `product`.`Sku` AS `product_Sku`, `product`.`Precio` AS `product_Precio`, `product`.`IVA` AS `product_IVA`, `product`.`Stock` AS `product_Stock`, `product`.`Imagen` AS `product_Imagen`, `product`.`Proveedor` AS `product_Proveedor`, `product`.`Categoria` AS `product_Categoria`, `product`.`Subcategoria` AS `product_Subcategoria` FROM `view_products` `viewProducts`, `view_products` `product`
[2021-04-15T17:54:50.719Z][QUERY]: SELECT `Users`.`id` AS `Users_id`, `Users`.`username` AS `Users_username`, `Users`.`password` AS `Users_password`, `Users`.`role` AS `Users_role` FROM `users` `Users` WHERE `Users`.`id` IN (?) -- PARAMETERS: [1]
[2021-04-15T17:54:50.843Z][QUERY]: SELECT `Users`.`id` AS `Users_id`, `Users`.`username` AS `Users_username`, `Users`.`role` AS `Users_role` FROM `users` `Users`
[2021-04-15T17:55:12.380Z][QUERY]: SELECT `product`.`ID` AS `product_ID`, `product`.`Articulo` AS `product_Articulo`, `product`.`Sku` AS `product_Sku`, `product`.`Precio` AS `product_Precio`, `product`.`IVA` AS `product_IVA`, `product`.`Stock` AS `product_Stock`, `product`.`Imagen` AS `product_Imagen`, `product`.`Proveedor` AS `product_Proveedor`, `product`.`Categoria` AS `product_Categoria`, `product`.`Subcategoria` AS `product_Subcategoria` FROM `view_products` `viewProducts`, `view_products` `product`
[2021-04-15T17:55:24.256Z][FAILED QUERY]: SELECT `product`.`ID` AS `product_ID`, `product`.`Articulo` AS `product_Articulo`, `product`.`Sku` AS `product_Sku`, `product`.`Precio` AS `product_Precio`, `product`.`IVA` AS `product_IVA`, `product`.`Stock` AS `product_Stock`, `product`.`Imagen` AS `product_Imagen`, `product`.`Proveedor` AS `product_Proveedor`, `product`.`Categoria` AS `product_Categoria`, `product`.`Subcategoria` AS `product_Subcategoria` FROM `view_products` `viewProducts`, `view_products` `product`
[2021-04-15T17:55:24.256Z][QUERY ERROR]: Error: Connection lost: The server closed the connection.
[2021-04-15T17:56:13.813Z][QUERY]: SELECT `Users`.`id` AS `Users_id`, `Users`.`username` AS `Users_username`, `Users`.`password` AS `Users_password`, `Users`.`role` AS `Users_role` FROM `users` `Users` WHERE `Users`.`username` = ? LIMIT 1 -- PARAMETERS: ["pablo@truevaluesoft.com"]
[2021-04-15T17:56:21.809Z][QUERY]: SELECT `Users`.`id` AS `Users_id`, `Users`.`username` AS `Users_username`, `Users`.`password` AS `Users_password`, `Users`.`role` AS `Users_role` FROM `users` `Users` WHERE `Users`.`id` IN (?) -- PARAMETERS: [1]
[2021-04-15T17:56:21.926Z][QUERY]: SELECT `Users`.`id` AS `Users_id`, `Users`.`username` AS `Users_username`, `Users`.`role` AS `Users_role` FROM `users` `Users`
[2021-04-15T17:56:23.241Z][QUERY]: SELECT `product`.`ID` AS `product_ID`, `product`.`Articulo` AS `product_Articulo`, `product`.`Sku` AS `product_Sku`, `product`.`Precio` AS `product_Precio`, `product`.`IVA` AS `product_IVA`, `product`.`Stock` AS `product_Stock`, `product`.`Imagen` AS `product_Imagen`, `product`.`Proveedor` AS `product_Proveedor`, `product`.`Categoria` AS `product_Categoria`, `product`.`Subcategoria` AS `product_Subcategoria` FROM `view_products` `viewProducts`, `view_products` `product`  LIMIT 100
[2021-04-15T17:58:49.775Z][QUERY]: SELECT `product`.`ID` AS `product_ID`, `product`.`Articulo` AS `product_Articulo`, `product`.`Sku` AS `product_Sku`, `product`.`Precio` AS `product_Precio`, `product`.`IVA` AS `product_IVA`, `product`.`Stock` AS `product_Stock`, `product`.`Imagen` AS `product_Imagen`, `product`.`Proveedor` AS `product_Proveedor`, `product`.`Categoria` AS `product_Categoria`, `product`.`Subcategoria` AS `product_Subcategoria` FROM `view_products` `viewProducts`, `view_products` `product`  LIMIT 100
[2021-04-15T17:59:27.459Z][QUERY]: SELECT `product`.`ID` AS `product_ID`, `product`.`Articulo` AS `product_Articulo`, `product`.`Sku` AS `product_Sku`, `product`.`Precio` AS `product_Precio`, `product`.`IVA` AS `product_IVA`, `product`.`Stock` AS `product_Stock`, `product`.`Imagen` AS `product_Imagen`, `product`.`Proveedor` AS `product_Proveedor`, `product`.`Categoria` AS `product_Categoria`, `product`.`Subcategoria` AS `product_Subcategoria` FROM `view_products` `viewProducts`, `view_products` `product`  LIMIT 100
[2021-04-15T17:59:37.572Z][QUERY]: SELECT `product`.`ID` AS `product_ID`, `product`.`Articulo` AS `product_Articulo`, `product`.`Sku` AS `product_Sku`, `product`.`Precio` AS `product_Precio`, `product`.`IVA` AS `product_IVA`, `product`.`Stock` AS `product_Stock`, `product`.`Imagen` AS `product_Imagen`, `product`.`Proveedor` AS `product_Proveedor`, `product`.`Categoria` AS `product_Categoria`, `product`.`Subcategoria` AS `product_Subcategoria` FROM `view_products` `viewProducts`, `view_products` `product`  LIMIT 100
[2021-04-15T17:59:41.776Z][QUERY]: SELECT `product`.`ID` AS `product_ID`, `product`.`Articulo` AS `product_Articulo`, `product`.`Sku` AS `product_Sku`, `product`.`Precio` AS `product_Precio`, `product`.`IVA` AS `product_IVA`, `product`.`Stock` AS `product_Stock`, `product`.`Imagen` AS `product_Imagen`, `product`.`Proveedor` AS `product_Proveedor`, `product`.`Categoria` AS `product_Categoria`, `product`.`Subcategoria` AS `product_Subcategoria` FROM `view_products` `viewProducts`, `view_products` `product`  LIMIT 100
[2021-04-15T17:59:44.076Z][QUERY]: SELECT `product`.`ID` AS `product_ID`, `product`.`Articulo` AS `product_Articulo`, `product`.`Sku` AS `product_Sku`, `product`.`Precio` AS `product_Precio`, `product`.`IVA` AS `product_IVA`, `product`.`Stock` AS `product_Stock`, `product`.`Imagen` AS `product_Imagen`, `product`.`Proveedor` AS `product_Proveedor`, `product`.`Categoria` AS `product_Categoria`, `product`.`Subcategoria` AS `product_Subcategoria` FROM `view_products` `viewProducts`, `view_products` `product`  LIMIT 100
[2021-04-15T17:59:53.931Z][QUERY]: SELECT `Users`.`id` AS `Users_id`, `Users`.`username` AS `Users_username`, `Users`.`password` AS `Users_password`, `Users`.`role` AS `Users_role` FROM `users` `Users` WHERE `Users`.`id` IN (?) -- PARAMETERS: [1]
[2021-04-15T17:59:54.046Z][QUERY]: SELECT `Users`.`id` AS `Users_id`, `Users`.`username` AS `Users_username`, `Users`.`role` AS `Users_role` FROM `users` `Users`
[2021-04-15T17:59:56.050Z][QUERY]: SELECT `product`.`ID` AS `product_ID`, `product`.`Articulo` AS `product_Articulo`, `product`.`Sku` AS `product_Sku`, `product`.`Precio` AS `product_Precio`, `product`.`IVA` AS `product_IVA`, `product`.`Stock` AS `product_Stock`, `product`.`Imagen` AS `product_Imagen`, `product`.`Proveedor` AS `product_Proveedor`, `product`.`Categoria` AS `product_Categoria`, `product`.`Subcategoria` AS `product_Subcategoria` FROM `view_products` `viewProducts`, `view_products` `product`  LIMIT 100
[2021-04-15T18:00:47.534Z][QUERY]: SELECT `product`.`ID` AS `product_ID`, `product`.`Articulo` AS `product_Articulo`, `product`.`Sku` AS `product_Sku`, `product`.`Precio` AS `product_Precio`, `product`.`IVA` AS `product_IVA`, `product`.`Stock` AS `product_Stock`, `product`.`Imagen` AS `product_Imagen`, `product`.`Proveedor` AS `product_Proveedor`, `product`.`Categoria` AS `product_Categoria`, `product`.`Subcategoria` AS `product_Subcategoria` FROM `view_products` `viewProducts`, `view_products` `product`  LIMIT 100
[2021-04-15T18:00:52.325Z][QUERY]: SELECT `product`.`ID` AS `product_ID`, `product`.`Articulo` AS `product_Articulo`, `product`.`Sku` AS `product_Sku`, `product`.`Precio` AS `product_Precio`, `product`.`IVA` AS `product_IVA`, `product`.`Stock` AS `product_Stock`, `product`.`Imagen` AS `product_Imagen`, `product`.`Proveedor` AS `product_Proveedor`, `product`.`Categoria` AS `product_Categoria`, `product`.`Subcategoria` AS `product_Subcategoria` FROM `view_products` `viewProducts`, `view_products` `product`  LIMIT 100
[2021-04-15T18:01:04.512Z][QUERY]: SELECT `Users`.`id` AS `Users_id`, `Users`.`username` AS `Users_username`, `Users`.`password` AS `Users_password`, `Users`.`role` AS `Users_role` FROM `users` `Users` WHERE `Users`.`id` IN (?) -- PARAMETERS: [1]
[2021-04-15T18:01:04.629Z][QUERY]: SELECT `Users`.`id` AS `Users_id`, `Users`.`username` AS `Users_username`, `Users`.`role` AS `Users_role` FROM `users` `Users`
[2021-04-15T18:01:05.874Z][QUERY]: SELECT `product`.`ID` AS `product_ID`, `product`.`Articulo` AS `product_Articulo`, `product`.`Sku` AS `product_Sku`, `product`.`Precio` AS `product_Precio`, `product`.`IVA` AS `product_IVA`, `product`.`Stock` AS `product_Stock`, `product`.`Imagen` AS `product_Imagen`, `product`.`Proveedor` AS `product_Proveedor`, `product`.`Categoria` AS `product_Categoria`, `product`.`Subcategoria` AS `product_Subcategoria` FROM `view_products` `viewProducts`, `view_products` `product`  LIMIT 100
[2021-04-15T18:03:04.555Z][QUERY]: SELECT `product`.`ID` AS `product_ID`, `product`.`Articulo` AS `product_Articulo`, `product`.`Sku` AS `product_Sku`, `product`.`Precio` AS `product_Precio`, `product`.`IVA` AS `product_IVA`, `product`.`Stock` AS `product_Stock`, `product`.`Imagen` AS `product_Imagen`, `product`.`Proveedor` AS `product_Proveedor`, `product`.`Categoria` AS `product_Categoria`, `product`.`Subcategoria` AS `product_Subcategoria` FROM `view_products` `viewProducts`, `view_products` `product`  LIMIT 100
[2021-04-15T18:03:04.890Z][QUERY]: SELECT `product`.`ID` AS `product_ID`, `product`.`Articulo` AS `product_Articulo`, `product`.`Sku` AS `product_Sku`, `product`.`Precio` AS `product_Precio`, `product`.`IVA` AS `product_IVA`, `product`.`Stock` AS `product_Stock`, `product`.`Imagen` AS `product_Imagen`, `product`.`Proveedor` AS `product_Proveedor`, `product`.`Categoria` AS `product_Categoria`, `product`.`Subcategoria` AS `product_Subcategoria` FROM `view_products` `viewProducts`, `view_products` `product`  LIMIT 100
[2021-04-15T18:03:07.124Z][QUERY]: SELECT `product`.`ID` AS `product_ID`, `product`.`Articulo` AS `product_Articulo`, `product`.`Sku` AS `product_Sku`, `product`.`Precio` AS `product_Precio`, `product`.`IVA` AS `product_IVA`, `product`.`Stock` AS `product_Stock`, `product`.`Imagen` AS `product_Imagen`, `product`.`Proveedor` AS `product_Proveedor`, `product`.`Categoria` AS `product_Categoria`, `product`.`Subcategoria` AS `product_Subcategoria` FROM `view_products` `viewProducts`, `view_products` `product`  LIMIT 100
[2021-04-15T18:03:13.941Z][QUERY]: SELECT `Users`.`id` AS `Users_id`, `Users`.`username` AS `Users_username`, `Users`.`password` AS `Users_password`, `Users`.`role` AS `Users_role` FROM `users` `Users` WHERE `Users`.`id` IN (?) -- PARAMETERS: [1]
[2021-04-15T18:03:14.056Z][QUERY]: SELECT `Users`.`id` AS `Users_id`, `Users`.`username` AS `Users_username`, `Users`.`role` AS `Users_role` FROM `users` `Users`
[2021-04-15T18:03:29.973Z][QUERY]: SELECT `Users`.`id` AS `Users_id`, `Users`.`username` AS `Users_username`, `Users`.`password` AS `Users_password`, `Users`.`role` AS `Users_role` FROM `users` `Users` WHERE `Users`.`id` IN (?) -- PARAMETERS: [1]
[2021-04-15T18:03:30.091Z][QUERY]: SELECT `Users`.`id` AS `Users_id`, `Users`.`username` AS `Users_username`, `Users`.`role` AS `Users_role` FROM `users` `Users`
[2021-04-15T18:03:32.111Z][QUERY]: SELECT `product`.`ID` AS `product_ID`, `product`.`Articulo` AS `product_Articulo`, `product`.`Sku` AS `product_Sku`, `product`.`Precio` AS `product_Precio`, `product`.`IVA` AS `product_IVA`, `product`.`Stock` AS `product_Stock`, `product`.`Imagen` AS `product_Imagen`, `product`.`Proveedor` AS `product_Proveedor`, `product`.`Categoria` AS `product_Categoria`, `product`.`Subcategoria` AS `product_Subcategoria` FROM `view_products` `viewProducts`, `view_products` `product`  LIMIT 100
[2021-04-15T18:19:52.848Z][QUERY]: SELECT `Users`.`id` AS `Users_id`, `Users`.`username` AS `Users_username`, `Users`.`password` AS `Users_password`, `Users`.`role` AS `Users_role` FROM `users` `Users` WHERE `Users`.`id` IN (?) -- PARAMETERS: [1]
[2021-04-15T18:19:52.966Z][QUERY]: SELECT `Users`.`id` AS `Users_id`, `Users`.`username` AS `Users_username`, `Users`.`role` AS `Users_role` FROM `users` `Users`
[2021-04-15T18:19:55.636Z][QUERY]: SELECT `product`.`ID` AS `product_ID`, `product`.`Articulo` AS `product_Articulo`, `product`.`Sku` AS `product_Sku`, `product`.`Precio` AS `product_Precio`, `product`.`IVA` AS `product_IVA`, `product`.`Stock` AS `product_Stock`, `product`.`Imagen` AS `product_Imagen`, `product`.`Proveedor` AS `product_Proveedor`, `product`.`Categoria` AS `product_Categoria`, `product`.`Subcategoria` AS `product_Subcategoria` FROM `view_products` `viewProducts`, `view_products` `product`  LIMIT 100
[2021-04-15T18:19:58.722Z][QUERY]: SELECT `Users`.`id` AS `Users_id`, `Users`.`username` AS `Users_username`, `Users`.`password` AS `Users_password`, `Users`.`role` AS `Users_role` FROM `users` `Users` WHERE `Users`.`id` IN (?) -- PARAMETERS: [1]
[2021-04-15T18:19:58.836Z][QUERY]: SELECT `Users`.`id` AS `Users_id`, `Users`.`username` AS `Users_username`, `Users`.`role` AS `Users_role` FROM `users` `Users`
[2021-04-15T18:20:01.965Z][QUERY]: SELECT `product`.`ID` AS `product_ID`, `product`.`Articulo` AS `product_Articulo`, `product`.`Sku` AS `product_Sku`, `product`.`Precio` AS `product_Precio`, `product`.`IVA` AS `product_IVA`, `product`.`Stock` AS `product_Stock`, `product`.`Imagen` AS `product_Imagen`, `product`.`Proveedor` AS `product_Proveedor`, `product`.`Categoria` AS `product_Categoria`, `product`.`Subcategoria` AS `product_Subcategoria` FROM `view_products` `viewProducts`, `view_products` `product`  LIMIT 100
[2021-04-15T18:20:49.184Z][QUERY]: SELECT `Users`.`id` AS `Users_id`, `Users`.`username` AS `Users_username`, `Users`.`password` AS `Users_password`, `Users`.`role` AS `Users_role` FROM `users` `Users` WHERE `Users`.`id` IN (?) -- PARAMETERS: [1]
[2021-04-15T18:20:49.306Z][QUERY]: SELECT `Users`.`id` AS `Users_id`, `Users`.`username` AS `Users_username`, `Users`.`role` AS `Users_role` FROM `users` `Users`
[2021-04-15T18:20:52.044Z][QUERY]: SELECT `product`.`ID` AS `product_ID`, `product`.`Articulo` AS `product_Articulo`, `product`.`Sku` AS `product_Sku`, `product`.`Precio` AS `product_Precio`, `product`.`IVA` AS `product_IVA`, `product`.`Stock` AS `product_Stock`, `product`.`Imagen` AS `product_Imagen`, `product`.`Proveedor` AS `product_Proveedor`, `product`.`Categoria` AS `product_Categoria`, `product`.`Subcategoria` AS `product_Subcategoria` FROM `view_products` `viewProducts`, `view_products` `product`  LIMIT 9000
[2021-04-15T18:22:32.000Z][QUERY]: SELECT `Users`.`id` AS `Users_id`, `Users`.`username` AS `Users_username`, `Users`.`password` AS `Users_password`, `Users`.`role` AS `Users_role` FROM `users` `Users` WHERE `Users`.`id` IN (?) -- PARAMETERS: [1]
[2021-04-15T18:22:32.118Z][QUERY]: SELECT `Users`.`id` AS `Users_id`, `Users`.`username` AS `Users_username`, `Users`.`role` AS `Users_role` FROM `users` `Users`
[2021-04-15T18:22:34.604Z][QUERY]: SELECT `product`.`ID` AS `product_ID`, `product`.`Articulo` AS `product_Articulo`, `product`.`Sku` AS `product_Sku`, `product`.`Precio` AS `product_Precio`, `product`.`IVA` AS `product_IVA`, `product`.`Stock` AS `product_Stock`, `product`.`Imagen` AS `product_Imagen`, `product`.`Proveedor` AS `product_Proveedor`, `product`.`Categoria` AS `product_Categoria`, `product`.`Subcategoria` AS `product_Subcategoria` FROM `view_products` `viewProducts`, `view_products` `product`  LIMIT 9000
[2021-04-15T18:23:45.718Z][QUERY]: SELECT `product`.`ID` AS `product_ID`, `product`.`Articulo` AS `product_Articulo`, `product`.`Sku` AS `product_Sku`, `product`.`Precio` AS `product_Precio`, `product`.`IVA` AS `product_IVA`, `product`.`Stock` AS `product_Stock`, `product`.`Imagen` AS `product_Imagen`, `product`.`Proveedor` AS `product_Proveedor`, `product`.`Categoria` AS `product_Categoria`, `product`.`Subcategoria` AS `product_Subcategoria` FROM `view_products` `viewProducts`, `view_products` `product`  LIMIT 9000
[2021-04-15T18:25:29.369Z][QUERY]: SELECT `product`.`ID` AS `product_ID`, `product`.`Articulo` AS `product_Articulo`, `product`.`Sku` AS `product_Sku`, `product`.`Precio` AS `product_Precio`, `product`.`IVA` AS `product_IVA`, `product`.`Stock` AS `product_Stock`, `product`.`Imagen` AS `product_Imagen`, `product`.`Proveedor` AS `product_Proveedor`, `product`.`Categoria` AS `product_Categoria`, `product`.`Subcategoria` AS `product_Subcategoria` FROM `view_products` `viewProducts`, `view_products` `product`  LIMIT 9000
[2021-04-15T18:35:51.624Z][QUERY]: SELECT `Users`.`id` AS `Users_id`, `Users`.`username` AS `Users_username`, `Users`.`password` AS `Users_password`, `Users`.`role` AS `Users_role` FROM `users` `Users` WHERE `Users`.`username` = ? LIMIT 1 -- PARAMETERS: ["pablo@truevaluesoft.com"]
[2021-04-15T18:35:58.020Z][QUERY]: SELECT `Users`.`id` AS `Users_id`, `Users`.`username` AS `Users_username`, `Users`.`password` AS `Users_password`, `Users`.`role` AS `Users_role` FROM `users` `Users` WHERE `Users`.`id` IN (?) -- PARAMETERS: [1]
[2021-04-15T18:35:58.139Z][QUERY]: SELECT `Users`.`id` AS `Users_id`, `Users`.`username` AS `Users_username`, `Users`.`role` AS `Users_role` FROM `users` `Users`
[2021-04-15T18:36:00.090Z][QUERY]: SELECT `product`.`ID` AS `product_ID`, `product`.`Articulo` AS `product_Articulo`, `product`.`Sku` AS `product_Sku`, `product`.`Precio` AS `product_Precio`, `product`.`IVA` AS `product_IVA`, `product`.`Stock` AS `product_Stock`, `product`.`Imagen` AS `product_Imagen`, `product`.`Proveedor` AS `product_Proveedor`, `product`.`Categoria` AS `product_Categoria`, `product`.`Subcategoria` AS `product_Subcategoria` FROM `view_products` `viewProducts`, `view_products` `product`  LIMIT 9000
[2021-04-15T18:39:51.797Z][QUERY]: SELECT `product`.`ID` AS `product_ID`, `product`.`Articulo` AS `product_Articulo`, `product`.`Sku` AS `product_Sku`, `product`.`Precio` AS `product_Precio`, `product`.`IVA` AS `product_IVA`, `product`.`Stock` AS `product_Stock`, `product`.`Imagen` AS `product_Imagen`, `product`.`Proveedor` AS `product_Proveedor`, `product`.`Categoria` AS `product_Categoria`, `product`.`Subcategoria` AS `product_Subcategoria` FROM `view_products` `viewProducts`, `view_products` `product`  LIMIT 9000
[2021-04-15T18:40:05.341Z][QUERY]: SELECT `product`.`ID` AS `product_ID`, `product`.`Articulo` AS `product_Articulo`, `product`.`Sku` AS `product_Sku`, `product`.`Precio` AS `product_Precio`, `product`.`IVA` AS `product_IVA`, `product`.`Stock` AS `product_Stock`, `product`.`Imagen` AS `product_Imagen`, `product`.`Proveedor` AS `product_Proveedor`, `product`.`Categoria` AS `product_Categoria`, `product`.`Subcategoria` AS `product_Subcategoria` FROM `view_products` `viewProducts`, `view_products` `product`  LIMIT 9000
[2021-04-15T18:40:11.006Z][QUERY]: SELECT `product`.`ID` AS `product_ID`, `product`.`Articulo` AS `product_Articulo`, `product`.`Sku` AS `product_Sku`, `product`.`Precio` AS `product_Precio`, `product`.`IVA` AS `product_IVA`, `product`.`Stock` AS `product_Stock`, `product`.`Imagen` AS `product_Imagen`, `product`.`Proveedor` AS `product_Proveedor`, `product`.`Categoria` AS `product_Categoria`, `product`.`Subcategoria` AS `product_Subcategoria` FROM `view_products` `viewProducts`, `view_products` `product`  LIMIT 9000
[2021-04-15T18:40:40.225Z][QUERY]: SELECT `product`.`ID` AS `product_ID`, `product`.`Articulo` AS `product_Articulo`, `product`.`Sku` AS `product_Sku`, `product`.`Precio` AS `product_Precio`, `product`.`IVA` AS `product_IVA`, `product`.`Stock` AS `product_Stock`, `product`.`Imagen` AS `product_Imagen`, `product`.`Proveedor` AS `product_Proveedor`, `product`.`Categoria` AS `product_Categoria`, `product`.`Subcategoria` AS `product_Subcategoria` FROM `view_products` `viewProducts`, `view_products` `product`  LIMIT 9000
[2021-04-15T18:40:43.246Z][QUERY]: SELECT `product`.`ID` AS `product_ID`, `product`.`Articulo` AS `product_Articulo`, `product`.`Sku` AS `product_Sku`, `product`.`Precio` AS `product_Precio`, `product`.`IVA` AS `product_IVA`, `product`.`Stock` AS `product_Stock`, `product`.`Imagen` AS `product_Imagen`, `product`.`Proveedor` AS `product_Proveedor`, `product`.`Categoria` AS `product_Categoria`, `product`.`Subcategoria` AS `product_Subcategoria` FROM `view_products` `viewProducts`, `view_products` `product`  LIMIT 9000
[2021-04-15T18:40:46.199Z][QUERY]: SELECT `product`.`ID` AS `product_ID`, `product`.`Articulo` AS `product_Articulo`, `product`.`Sku` AS `product_Sku`, `product`.`Precio` AS `product_Precio`, `product`.`IVA` AS `product_IVA`, `product`.`Stock` AS `product_Stock`, `product`.`Imagen` AS `product_Imagen`, `product`.`Proveedor` AS `product_Proveedor`, `product`.`Categoria` AS `product_Categoria`, `product`.`Subcategoria` AS `product_Subcategoria` FROM `view_products` `viewProducts`, `view_products` `product`  LIMIT 9000
[2021-04-15T18:41:16.513Z][QUERY]: SELECT `product`.`ID` AS `product_ID`, `product`.`Articulo` AS `product_Articulo`, `product`.`Sku` AS `product_Sku`, `product`.`Precio` AS `product_Precio`, `product`.`IVA` AS `product_IVA`, `product`.`Stock` AS `product_Stock`, `product`.`Imagen` AS `product_Imagen`, `product`.`Proveedor` AS `product_Proveedor`, `product`.`Categoria` AS `product_Categoria`, `product`.`Subcategoria` AS `product_Subcategoria` FROM `view_products` `viewProducts`, `view_products` `product`  LIMIT 9000
[2021-04-15T18:41:39.683Z][QUERY]: SELECT `product`.`ID` AS `product_ID`, `product`.`Articulo` AS `product_Articulo`, `product`.`Sku` AS `product_Sku`, `product`.`Precio` AS `product_Precio`, `product`.`IVA` AS `product_IVA`, `product`.`Stock` AS `product_Stock`, `product`.`Imagen` AS `product_Imagen`, `product`.`Proveedor` AS `product_Proveedor`, `product`.`Categoria` AS `product_Categoria`, `product`.`Subcategoria` AS `product_Subcategoria` FROM `view_products` `viewProducts`, `view_products` `product`  LIMIT 9000
[2021-04-15T18:42:25.517Z][QUERY]: SELECT `product`.`ID` AS `product_ID`, `product`.`Articulo` AS `product_Articulo`, `product`.`Sku` AS `product_Sku`, `product`.`Precio` AS `product_Precio`, `product`.`IVA` AS `product_IVA`, `product`.`Stock` AS `product_Stock`, `product`.`Imagen` AS `product_Imagen`, `product`.`Proveedor` AS `product_Proveedor`, `product`.`Categoria` AS `product_Categoria`, `product`.`Subcategoria` AS `product_Subcategoria` FROM `view_products` `viewProducts`, `view_products` `product`  LIMIT 9000
